time=2024-06-15T19:02:49.696 level=INF trace=6b1c5188 caller=D:/root/code/goblog/test.go:36 msg="app initializing"
time=2024-06-15T19:02:49.698 level=INF trace=6b1c5188 caller=D:/root/code/goblog/internal/repo/repo.go:35 msg="use db :sqlite"
time=2024-06-15T19:02:49.698 level=INF trace=6b1c5188 caller=D:/root/code/goblog/internal/repo/repo.go:37 msg="orm hijack log :true"
time=2024-06-15T19:02:49.698 level=INF caller=xorm msg="PING DATABASE sqlite"
time=2024-06-15T19:02:49.699 level=INF trace=6b1c5188 caller=D:/root/code/goblog/internal/repo/repo.go:51 msg="show sql true"
time=2024-06-15T19:02:49.699 level=INF trace=6b1c5188 caller=D:/root/code/goblog/internal/repo/repo.go:53 msg="use cache true"
time=2024-06-15T19:02:49.700 level=INF caller=xorm msg="[SQL] SELECT name FROM sqlite_master WHERE type='table' [] - 1.0807ms"
time=2024-06-15T19:02:49.701 level=INF caller=xorm msg="[SQL] SELECT sql FROM sqlite_master WHERE type='table' and name = ? [tag] - 542.7µs"
time=2024-06-15T19:02:49.701 level=INF caller=xorm msg="[SQL] SELECT sql FROM sqlite_master WHERE type='index' and tbl_name = ? [tag]"
time=2024-06-15T19:02:49.701 level=INF caller=xorm msg="[SQL] SELECT sql FROM sqlite_master WHERE type='table' and name = ? [cate]"
time=2024-06-15T19:02:49.701 level=INF caller=xorm msg="[SQL] SELECT sql FROM sqlite_master WHERE type='index' and tbl_name = ? [cate]"
time=2024-06-15T19:02:49.701 level=INF caller=xorm msg="[SQL] SELECT sql FROM sqlite_master WHERE type='table' and name = ? [post]"
time=2024-06-15T19:02:49.702 level=INF caller=xorm msg="[SQL] SELECT sql FROM sqlite_master WHERE type='index' and tbl_name = ? [post] - 539.6µs"
time=2024-06-15T19:02:49.702 level=WRN caller=xorm msg="Table post Column kind db default is 1, struct default is "
time=2024-06-15T19:02:49.702 level=WRN caller=xorm msg="Table post Column kind db nullable is false, struct nullable is true"
time=2024-06-15T19:02:49.702 level=INF caller=xorm msg="[SQL] SELECT sql FROM sqlite_master WHERE type='table' and name = ? [post_tag]"
time=2024-06-15T19:02:49.702 level=INF caller=xorm msg="[SQL] SELECT sql FROM sqlite_master WHERE type='index' and tbl_name = ? [post_tag]"
time=2024-06-15T19:02:49.702 level=INF caller=xorm msg="[SQL] SELECT sql FROM sqlite_master WHERE type='table' and name = ? [dict] - 522.5µs"
time=2024-06-15T19:02:49.703 level=INF caller=xorm msg="[SQL] SELECT sql FROM sqlite_master WHERE type='index' and tbl_name = ? [dict]"
time=2024-06-15T19:02:49.703 level=INF caller=xorm msg="[SQL] SELECT sql FROM sqlite_master WHERE type='table' and name = ? [role]"
time=2024-06-15T19:02:49.703 level=INF caller=xorm msg="[SQL] SELECT sql FROM sqlite_master WHERE type='index' and tbl_name = ? [role] - 506.4µs"
time=2024-06-15T19:02:49.703 level=INF caller=xorm msg="[SQL] SELECT sql FROM sqlite_master WHERE type='table' and name = ? [grant]"
time=2024-06-15T19:02:49.703 level=INF caller=xorm msg="[SQL] SELECT sql FROM sqlite_master WHERE type='index' and tbl_name = ? [grant]"
time=2024-06-15T19:02:49.704 level=INF caller=xorm msg="[SQL] SELECT sql FROM sqlite_master WHERE type='table' and name = ? [admin]"
time=2024-06-15T19:02:49.704 level=INF caller=xorm msg="[SQL] SELECT sql FROM sqlite_master WHERE type='index' and tbl_name = ? [admin]"
time=2024-06-15T19:02:49.704 level=INF caller=xorm msg="[SQL] SELECT sql FROM sqlite_master WHERE type='table' and name = ? [role_grant] - 539.2µs"
time=2024-06-15T19:02:49.704 level=INF caller=xorm msg="[SQL] SELECT sql FROM sqlite_master WHERE type='index' and tbl_name = ? [role_grant]"
time=2024-06-15T19:02:49.705 level=INF caller=xorm msg="[SQL] SELECT `key`, `value`, `kind`, `inner`, `intro`, `updated`, `created` FROM `dict` WHERE `key`=? LIMIT 1 [basic] - 534.6µs"
time=2024-06-15T19:02:49.705 level=INF caller=D:/root/code/goblog/internal/repo/ker_repo.go:37 msg="basic cache"
time=2024-06-15T19:02:49.705 level=INF caller=xorm msg="[SQL] SELECT `key`, `value`, `kind`, `inner`, `intro`, `updated`, `created` FROM `dict` WHERE `key`=? LIMIT 1 [blog] - 532.9µs"
time=2024-06-15T19:02:49.705 level=INF caller=D:time=2024-06-15T19:04:05.695 level=INF trace=29343178 caller=D:/root/code/goblog/test.go:36 msg="app initializing"
time=2024-06-15T19:04:05.695 level=INF trace=29343178 caller=D:/root/code/goblog/internal/repo/repo.go:35 msg="use db :sqlite"
time=2024-06-15T19:04:05.695 level=INF trace=29343178 caller=D:/root/code/goblog/internal/repo/repo.go:37 msg="orm hijack log :true"
time=2024-06-15T19:04:05.695 level=INF caller=xorm msg="PING DATABASE sqlite"
time=2024-06-15T19:04:05.696 level=INF trace=29343178 caller=D:/root/code/goblog/internal/repo/repo.go:51 msg="show sql true"
time=2024-06-15T19:04:05.696 level=INF trace=29343178 caller=D:/root/code/goblog/internal/repo/repo.go:53 msg="use cache true"
time=2024-06-15T19:04:05.697 level=INF caller=xorm msg="[SQL] SELECT name FROM sqlite_master WHERE type='table' [] - 1.0378ms"
time=2024-06-15T19:04:05.697 level=INF caller=xorm msg="[SQL] SELECT sql FROM sqlite_master WHERE type='table' and name = ? [tag]"
time=2024-06-15T19:04:05.697 level=INF caller=xorm msg="[SQL] SELECT sql FROM sqlite_master WHERE type='index' and tbl_name = ? [tag] - 521.9µs"
time=2024-06-15T19:04:05.697 level=INF caller=xorm msg="[SQL] SELECT sql FROM sqlite_master WHERE type='table' and name = ? [cate]"
time=2024-06-15T19:04:05.697 level=INF caller=xorm msg="[SQL] SELECT sql FROM sqlite_master WHERE type='index' and tbl_name = ? [cate]"
time=2024-06-15T19:04:05.698 level=INF caller=xorm msg="[SQL] SELECT sql FROM sqlite_master WHERE type='table' and name = ? [post]"
time=2024-06-15T19:04:05.698 level=INF caller=xorm msg="[SQL] SELECT sql FROM sqlite_master WHERE type='index' and tbl_name = ? [post]"
time=2024-06-15T19:04:05.698 level=WRN caller=xorm msg="Table post Column kind db default is 1, struct default is "
time=2024-06-15T19:04:05.698 level=WRN caller=xorm msg="Table post Column kind db nullable is false, struct nullable is true"
time=2024-06-15T19:04:05.698 level=INF caller=xorm msg="[SQL] SELECT sql FROM sqlite_master WHERE type='table' and name = ? [post_tag]"
time=2024-06-15T19:04:05.698 level=INF caller=xorm msg="[SQL] SELECT sql FROM sqlite_master WHERE type='index' and tbl_name = ? [post_tag]"
time=2024-06-15T19:04:05.699 level=INF caller=xorm msg="[SQL] SELECT sql FROM sqlite_master WHERE type='table' and name = ? [dict] - 635.6µs"
time=2024-06-15T19:04:05.699 level=INF caller=xorm msg="[SQL] SELECT sql FROM sqlite_master WHERE type='index' and tbl_name = ? [dict]"
time=2024-06-15T19:04:05.699 level=INF caller=xorm msg="[SQL] SELECT sql FROM sqlite_master WHERE type='table' and name = ? [role]"
time=2024-06-15T19:04:05.699 level=INF caller=xorm msg="[SQL] SELECT sql FROM sqlite_master WHERE type='index' and tbl_name = ? [role]"
time=2024-06-15T19:04:05.700 level=INF caller=xorm msg="[SQL] SELECT sql FROM sqlite_master WHERE type='table' and name = ? [grant]"
time=2024-06-15T19:04:05.700 level=INF caller=xorm msg="[SQL] SELECT sql FROM sqlite_master WHERE type='index' and tbl_name = ? [grant]"
time=2024-06-15T19:04:05.700 level=INF caller=xorm msg="[SQL] SELECT sql FROM sqlite_master WHERE type='table' and name = ? [admin]"
time=2024-06-15T19:04:05.700 level=INF caller=xorm msg="[SQL] SELECT sql FROM sqlite_master WHERE type='index' and tbl_name = ? [admin]"
time=2024-06-15T19:04:05.700 level=INF caller=xorm msg="[SQL] SELECT sql FROM sqlite_master WHERE type='table' and name = ? [role_grant]"
time=2024-06-15T19:04:05.700 level=INF caller=xorm msg="[SQL] SELECT sql FROM sqlite_master WHERE type='index' and tbl_name = ? [role_grant]"
time=2024-06-15T19:04:05.701 level=INF caller=xorm msg="[SQL] SELECT `key`, `value`, `kind`, `inner`, `intro`, `updated`, `created` FROM `dict` WHERE `key`=? LIMIT 1 [basic]"
time=2024-06-15T19:04:05.701 level=INF caller=D:/root/code/goblog/internal/repo/ker_repo.go:37 msg="basic cache"
time=2024-06-15T19:04:05.701 level=INF caller=xorm msg="[SQL] SELECT `key`, `value`, `kind`, `inner`, `intro`, `updated`, `created` FROM `dict` WHERE `key`=? LIMIT 1 [blog]"
time=2024-06-15T19:04:05.701 level=INF caller=D:/root/code/goblog/internal/repo/ker_repo.go:61 msg="blog cache"
time=2024-06-15T19:04:05.702 level=INF trace=29343178 caller=D:/root/code/goblog/internal/repo/repo.go:80 msg="model init"
time=2024-06-15T19:04:05.702 level=INF caller=D:/root/code/goblog/test.go:42 msg="app running"
time=2024-06-15T19:04:24.493 level=INF caller=xorm msg="[SQL] SELECT `id`, `cate_id`, `kind`, `status`, `title`, `path`, `summary`, `markdown`, `richtext`, `allow`, `updated`, `created` FROM `post` WHERE `kind`=? AND `path`=? LIMIT 1 [2 about] - 2.3021ms"
time=2024-06-15T19:04:24.501 level=INF caller=echo ip=::1 GET=/about span=11.4248ms
time=2024-06-15T19:04:26.929 level=INF caller=xorm msg="[SQL] SELECT `id`, `title`, `path`, `created`, `summary` FROM `post` WHERE (kind = ?) ORDER BY `id` DESC LIMIT 6 [1] - 522.7µs"
time=2024-06-15T19:04:26.930 level=INF caller=xorm msg="[SQL] SELECT count(*) FROM `post` WHERE (kind = ?) [1] - 528.6µs"
time=2024-06-15T19:04:26.935 level=INF caller=echo ip=::1 GET=/ span=13.4937ms
time=2024-06-15T19:04:29.232 level=INF caller=xorm msg="[SQL] SELECT `id`, `cate_id`, `kind`, `status`, `title`, `path`, `summary`, `markdown`, `richtext`, `allow`, `updated`, `created` FROM `post` WHERE `kind`=? AND `path`=? LIMIT 1 [1 init] - 4.962ms"
time=2024-06-15T19:04:29.236 level=INF caller=xorm msg="[SQL] SELECT `id`, `cate_id`, `kind`, `status`, `title`, `path`, `summary`, `markdown`, `richtext`, `allow`, `updated`, `created` FROM `post` WHERE (kind = ? and status = ? and created >?) ORDER BY `created` ASC LIMIT 1 [1 2 1715107048878] - 1.3465ms"
time=2024-06-15T19:04:29.236 level=INF caller=xorm msg="[SQL] SELECT `id`, `cate_id`, `kind`, `status`, `title`, `path`, `summary`, `markdown`, `richtext`, `allow`, `updated`, `created` FROM `post` WHERE (kind = ? and status = ? and created <?) ORDER BY `created` DESC LIMIT 1 [1 2 1715107048878] - 576.5µs"
time=2024-06-15T19:04:29.240 level=INF caller=echo ip=::1 GET=/posts/init.html span=12.5984ms
time=2024-06-15T19:04:30.798 level=INF caller=xorm msg="[SQL] SELECT `id`, `title`, `path`, `created`, `summary` FROM `post` WHERE (kind = ?) ORDER BY `id` DESC LIMIT 6 [1] - 351µs"
time=2024-06-15T19:04:30.798 level=INF caller=xorm msg="[SQL] SELECT count(*) FROM `post` WHERE (kind = ?) [1]"
time=2024-06-15T19:04:30.800 level=INF caller=echo ip=::1 GET=/ span=3.2091ms
time=2024-06-15T19:04:31.389 level=INF caller=xorm msg="[SQL] SELECT `id`, `title`, `path`, `created` FROM `post` WHERE (kind = ?) AND (status = ?) ORDER BY `id` DESC [1 2] - 804.1µs"
time=2024-06-15T19:04:31.392 level=INF caller=echo ip=::1 GET=/archives span=3.4798ms
time=2024-06-15T19:04:33.042 level=INF caller=xorm msg="[SQL] SELECT `id`, `cate_id`, `kind`, `status`, `title`, `path`, `summary`, `markdown`, `richtext`, `allow`, `updated`, `created` FROM `post` WHERE `kind`=? AND `path`=? LIMIT 1 [2 about] - 506.6µs"
time=2024-06-15T19:04:33.046 level=INF caller=echo ip=::1 GET=/about span=10.7063ms
time=2024-06-15T19:04:34.019 level=INF caller=xorm msg="[SQL] SELECT `id`, `cate_id`, `kind`, `status`, `title`, `path`, `summary`, `markdown`, `richtext`, `allow`, `updated`, `created` FROM `post` WHERE `kind`=? AND `path`=? LIMIT 1 [2 links] - 13.2227ms"
time=2024-06-15T19:04:34.022 level=INF caller=echo ip=::1 GET=/links span=16.0934ms
time=2024-06-15T19:04:43.935 level=INF caller=D:/root/code/goblog/test.go:66 msg="app quitted"
time=2024-06-15T19:05:05.797 level=INF trace=6ad59c8d caller=D:/root/code/goblog/test.go:36 msg="app initializing"
time=2024-06-15T19:05:05.798 level=INF trace=6ad59c8d caller=D:/root/code/goblog/internal/repo/repo.go:35 msg="use db :sqlite"
time=2024-06-15T19:05:05.798 level=INF trace=6ad59c8d caller=D:/root/code/goblog/internal/repo/repo.go:37 msg="orm hijack log :true"
time=2024-06-15T19:05:05.798 level=INF caller=xorm msg="PING DATABASE sqlite"
time=2024-06-15T19:05:05.799 level=INF trace=6ad59c8d caller=D:/root/code/goblog/internal/repo/repo.go:51 msg="show sql true"
time=2024-06-15T19:05:05.799 level=INF trace=6ad59c8d caller=D:/root/code/goblog/internal/repo/repo.go:53 msg="use cache true"
time=2024-06-15T19:05:05.800 level=INF caller=xorm msg="[SQL] SELECT name FROM sqlite_master WHERE type='table' [] - 1.043ms"
time=2024-06-15T19:05:05.801 level=INF caller=xorm msg="[SQL] SELECT sql FROM sqlite_master WHERE type='table' and name = ? [tag]"
time=2024-06-15T19:05:05.801 level=INF caller=xorm msg="[SQL] SELECT sql FROM sqlite_master WHERE type='index' and tbl_name = ? [tag]"
time=2024-06-15T19:05:05.801 level=INF caller=xorm msg="[SQL] SELECT sql FROM sqlite_master WHERE type='table' and name = ? [cate]"
time=2024-06-15T19:05:05.801 level=INF caller=xorm msg="[SQL] SELECT sql FROM sqlite_master WHERE type='index' and tbl_name = ? [cate]"
time=2024-06-15T19:05:05.802 level=INF caller=xorm msg="[SQL] SELECT sql FROM sqlite_master WHERE type='table' and name = ? [post]"
time=2024-06-15T19:05:05.802 level=INF caller=xorm msg="[SQL] SELECT sql FROM sqlite_master WHERE type='index' and tbl_name = ? [post]"
time=2024-06-15T19:05:05.802 level=WRN caller=xorm msg="Table post Column kind db default is 1, struct default is "
time=2024-06-15T19:05:05.802 level=WRN caller=xorm msg="Table post Column kind db nullable is false, struct nullable is true"
time=2024-06-15T19:05:05.802 level=INF caller=xorm msg="[SQL] SELECT sql FROM sqlite_master WHERE type='table' and name = ? [post_tag]"
time=2024-06-15T19:05:05.802 level=INF caller=xorm msg="[SQL] SELECT sql FROM sqlite_master WHERE type='index' and tbl_name = ? [post_tag]"
time=2024-06-15T19:05:05.802 level=INF caller=xorm msg="[SQL] SELECT sql FROM sqlite_master WHERE type='table' and name = ? [dict]"
time=2024-06-15T19:05:05.803 level=INF caller=xorm msg="[SQL] SELECT sql FROM sqlite_master WHERE type='index' and tbl_name = ? [dict]"
time=2024-06-15T19:05:05.803 level=INF caller=xorm msg="[SQL] SELECT sql FROM sqlite_master WHERE type='table' and name = ? [role]"
time=2024-06-15T19:05:05.803 level=INF caller=xorm msg="[SQL] SELECT sql FROM sqlite_master WHERE type='index' and tbl_name = ? [role]"
time=2024-06-15T19:05:05.803 level=INF caller=xorm msg="[SQL] SELECT sql FROM sqlite_master WHERE type='table' and name = ? [grant]"
time=2024-06-15T19:05:05.803 level=INF caller=xorm msg="[SQL] SELECT sql FROM sqlite_master WHERE type='index' and tbl_name = ? [grant]"
time=2024-06-15T19:05:05.803 level=INF caller=xorm msg="[SQL] SELECT sql FROM sqlite_master WHERE type='table' and name = ? [admin]"
time=2024-06-15T19:05:05.803 level=INF caller=xorm msg="[SQL] SELECT sql FROM sqlite_master WHERE type='index' and tbl_name = ? [admin]"
time=2024-06-15T19:05:05.803 level=INF caller=xorm msg="[SQL] SELECT sql FROM sqlite_master WHERE type='table' and name = ? [role_grant]"
time=2024-06-15T19:05:05.803 level=INF caller=xorm msg="[SQL] SELECT sql FROM sqlite_master WHERE type='index' and tbl_name = ? [role_grant]"
time=2024-06-15T19:05:05.803 level=INF caller=xorm msg="[SQL] SELECT `key`, `value`, `kind`, `inner`, `intro`, `updated`, `created` FROM `dict` WHERE `key`=? LIMIT 1 [basic]"
time=2024-06-15T19:05:05.803 level=INF caller=D:/root/code/goblog/internal/repo/ker_repo.go:37 msg="basic cache"
time=2024-06-15T19:05:05.803 level=INF caller=xorm msg="[SQL] SELECT `key`, `value`, `kind`, `inner`, `intro`, `updated`, `created` FROM `dict` WHERE `key`=? LIMIT 1 [blog]"
time=2024-06-15T19:05:05.803 level=INF caller=D:/root/code/goblog/internal/repo/ker_repo.go:61 msg="blog cache"
time=2024-06-15T19:05:05.803 level=INF trace=6ad59c8d caller=D:/root/code/goblog/internal/repo/repo.go:80 msg="model init"
time=2024-06-15T19:05:05.803 level=INF caller=D:/root/code/goblog/test.go:42 msg="app running"
time=2024-06-15T19:05:18.578 level=INF caller=xorm msg="[SQL] SELECT `id`, `title`, `path`, `created`, `summary` FROM `post` WHERE (kind = ?) ORDER BY `id` DESC LIMIT 6 [1] - 1.1602ms"
time=2024-06-15T19:05:18.578 level=INF caller=xorm msg="[SQL] SELECT count(*) FROM `post` WHERE (kind = ?) [1] - 509.1µs"
time=2024-06-15T19:05:18.586 level=INF caller=echo ip=::1 GET=/ span=10.3556ms
time=2024-06-15T19:05:20.840 level=INF caller=xorm msg="[SQL] SELECT `id`, `cate_id`, `kind`, `status`, `title`, `path`, `summary`, `markdown`, `richtext`, `allow`, `updated`, `created` FROM `post` WHERE `kind`=? AND `path`=? LIMIT 1 [1 init] - 286.5µs"
time=2024-06-15T19:05:20.840 level=INF caller=xorm msg="[SQL] SELECT `id`, `cate_id`, `kind`, `status`, `title`, `path`, `summary`, `markdown`, `richtext`, `allow`, `updated`, `created` FROM `post` WHERE (kind = ? and status = ? and created >?) ORDER BY `created` ASC LIMIT 1 [1 2 1715107048878] - 509µs"
time=2024-06-15T19:05:20.840 level=INF caller=xorm msg="[SQL] SELECT `id`, `cate_id`, `kind`, `status`, `title`, `path`, `summary`, `markdown`, `richtext`, `allow`, `updated`, `created` FROM `post` WHERE (kind = ? and status = ? and created <?) ORDER BY `created` DESC LIMIT 1 [1 2 1715107048878]"
time=2024-06-15T19:05:20.846 level=INF caller=echo ip=::1 GET=/posts/init.html span=6.5429ms
time=2024-06-15T19:05:39.012 level=INF caller=xorm msg="[SQL] SELECT `id`, `title`, `path`, `created`, `summary` FROM `post` WHERE (kind = ?) ORDER BY `id` DESC LIMIT 6 [1]"
time=2024-06-15T19:05:39.012 level=INF caller=xorm msg="[SQL] SELECT count(*) FROM `post` WHERE (kind = ?) [1]"
time=2024-06-15T19:05:39.015 level=INF caller=echo ip=::1 GET=/ span=3.0623ms
time=2024-06-15T19:05:40.207 level=INF caller=xorm msg="[SQL] SELECT `id`, `title`, `path`, `created`, `summary` FROM `post` WHERE (kind = ?) ORDER BY `id` DESC LIMIT 6 [1] - 602µs"
time=2024-06-15T19:05:40.207 level=INF caller=xorm msg="[SQL] SELECT count(*) FROM `post` WHERE (kind = ?) [1]"
time=2024-06-15T19:05:40.209 level=INF caller=echo ip=::1 GET=/ span=3.1748ms
time=2024-06-15T19:05:53.033 level=INF caller=D:/root/code/goblog/test.go:66 msg="app quitted"
time=2024-06-15T19:06:02.254 level=INF trace=0e06b1d7 caller=D:/root/code/goblog/test.go:36 msg="app initializing"
time=2024-06-15T19:06:02.254 level=INF trace=0e06b1d7 caller=D:/root/code/goblog/internal/repo/repo.go:35 msg="use db :sqlite"
time=2024-06-15T19:06:02.254 level=INF trace=0e06b1d7 caller=D:/root/code/goblog/internal/repo/repo.go:37 msg="orm hijack log :true"
time=2024-06-15T19:06:02.254 level=INF caller=xorm msg="PING DATABASE sqlite"
time=2024-06-15T19:06:02.255 level=INF trace=0e06b1d7 caller=D:/root/code/goblog/internal/repo/repo.go:51 msg="show sql true"
time=2024-06-15T19:06:02.255 level=INF trace=0e06b1d7 caller=D:/root/code/goblog/internal/repo/repo.go:53 msg="use cache true"
time=2024-06-15T19:06:02.256 level=INF caller=xorm msg="[SQL] SELECT name FROM sqlite_master WHERE type='table' [] - 522.9µs"
time=2024-06-15T19:06:02.256 level=INF caller=xorm msg="[SQL] SELECT sql FROM sqlite_master WHERE type='table' and name = ? [tag]"
time=2024-06-15T19:06:02.256 level=INF caller=xorm msg="[SQL] SELECT sql FROM sqlite_master WHERE type='index' and tbl_name = ? [tag]"
time=2024-06-15T19:06:02.256 level=INF caller=xorm msg="[SQL] SELECT sql FROM sqlite_master WHERE type='table' and name = ? [cate]"
time=2024-06-15T19:06:02.256 level=INF caller=xorm msg="[SQL] SELECT sql FROM sqlite_master WHERE type='index' and tbl_name = ? [cate]"
time=2024-06-15T19:06:02.257 level=INF caller=xorm msg="[SQL] SELECT sql FROM sqlite_master WHERE type='table' and name = ? [post] - 141.8µs"
time=2024-06-15T19:06:02.257 level=INF caller=xorm msg="[SQL] SELECT sql FROM sqlite_master WHERE type='index' and tbl_name = ? [post]"
time=2024-06-15T19:06:02.257 level=WRN caller=xorm msg="Table post Column kind db default is 1, struct default is "
time=2024-06-15T19:06:02.257 level=WRN caller=xorm msg="Table post Column kind db nullable is false, struct nullable is true"
time=2024-06-15T19:06:02.257 level=INF caller=xorm msg="[SQL] SELECT sql FROM sqlite_master WHERE type='table' and name = ? [post_tag]"
time=2024-06-15T19:06:02.258 level=INF caller=xorm msg="[SQL] SELECT sql FROM sqlite_master WHERE type='index' and tbl_name = ? [post_tag] - 536.6µs"
time=2024-06-15T19:06:02.258 level=INF caller=xorm msg="[SQL] SELECT sql FROM sqlite_master WHERE type='table' and name = ? [dict]"
time=2024-06-15T19:06:02.258 level=INF caller=xorm msg="[SQL] SELECT sql FROM sqlite_master WHERE type='index' and tbl_name = ? [dict]"
time=2024-06-15T19:06:02.258 level=INF caller=xorm msg="[SQL] SELECT sql FROM sqlite_master WHERE type='table' and name = ? [role]"
time=2024-06-15T19:06:02.258 level=INF caller=xorm msg="[SQL] SELECT sql FROM sqlite_master WHERE type='index' and tbl_name = ? [role]"
time=2024-06-15T19:06:02.258 level=INF caller=xorm msg="[SQL] SELECT sql FROM sqlite_master WHERE type='table' and name = ? [grant]"
time=2024-06-15T19:06:02.259 level=INF caller=xorm msg="[SQL] SELECT sql FROM sqlite_master WHERE type='index' and tbl_name = ? [grant] - 610.8µs"
time=2024-06-15T19:06:02.259 level=INF caller=xorm msg="[SQL] SELECT sql FROM sqlite_master WHERE type='table' and name = ? [admin]"
time=2024-06-15T19:06:02.259 level=INF caller=xorm msg="[SQL] SELECT sql FROM sqlite_master WHERE type='index' and tbl_name = ? [admin]"
time=2024-06-15T19:06:02.259 level=INF caller=xorm msg="[SQL] SELECT sql FROM sqlite_master WHERE type='table' and name = ? [role_grant]"
time=2024-06-15T19:06:02.260 level=INF caller=xorm msg="[SQL] SELECT sql FROM sqlite_master WHERE type='index' and tbl_name = ? [role_grant] - 523.2µs"
time=2024-06-15T19:06:02.260 level=INF caller=xorm msg="[SQL] SELECT `key`, `value`, `kind`, `inner`, `intro`, `updated`, `created` FROM `dict` WHERE `key`=? LIMIT 1 [basic]"
time=2024-06-15T19:06:02.260 level=INF caller=D:/root/code/goblog/internal/repo/ker_repo.go:37 msg="basic cache"
time=2024-06-15T19:06:02.260 level=INF caller=xorm msg="[SQL] SELECT `key`, `value`, `kind`, `inner`, `intro`, `updated`, `created` FROM `dict` WHERE `key`=? LIMIT 1 [blog]"
time=2024-06-15T19:06:02.260 level=INF caller=D:/root/code/goblog/internal/repo/ker_repo.go:61 msg="blog cache"
time=2024-06-15T19:06:02.261 level=INF trace=0e06b1d7 caller=D:/root/code/goblog/internal/repo/repo.go:80 msg="model init"
time=2024-06-15T19:06:02.261 level=INF caller=D:/root/code/goblog/test.go:42 msg="app running"
time=2024-06-15T19:06:10.964 level=INF caller=xorm msg="[SQL] SELECT `id`, `title`, `path`, `created`, `summary` FROM `post` WHERE (kind = ?) ORDER BY `id` DESC LIMIT 6 [1] - 598.7µs"
time=2024-06-15T19:06:10.965 level=INF caller=xorm msg="[SQL] SELECT count(*) FROM `post` WHERE (kind = ?) [1]"
time=2024-06-15T19:06:10.971 level=INF caller=echo ip=::1 GET=/ span=7.3453ms
time=2024-06-15T19:06:13.007 level=INF caller=xorm msg="[SQL] SELECT `id`, `cate_id`, `kind`, `status`, `title`, `path`, `summary`, `markdown`, `richtext`, `allow`, `updated`, `created` FROM `post` WHERE `kind`=? AND `path`=? LIMIT 1 [1 init]"
time=2024-06-15T19:06:13.007 level=INF caller=xorm msg="[SQL] SELECT `id`, `cate_id`, `kind`, `status`, `title`, `path`, `summary`, `markdown`, `richtext`, `allow`, `updated`, `created` FROM `post` WHERE (kind = ? and status = ? and created >?) ORDER BY `created` ASC LIMIT 1 [1 2 1715107048878]"
time=2024-06-15T19:06:13.008 level=INF caller=xorm msg="[SQL] SELECT `id`, `cate_id`, `kind`, `status`, `title`, `path`, `summary`, `markdown`, `richtext`, `allow`, `updated`, `created` FROM `post` WHERE (kind = ? and status = ? and created <?) ORDER BY `created` DESC LIMIT 1 [1 2 1715107048878] - 589.2µs"
time=2024-06-15T19:06:13.010 level=INF caller=echo ip=::1 GET=/posts/init.html span=4.4671ms
time=2024-06-15T19:06:31.634 level=INF caller=xorm msg="[SQL] SELECT `id`, `cate_id`, `kind`, `status`, `title`, `path`, `summary`, `markdown`, `richtext`, `allow`, `updated`, `created` FROM `post` WHERE `kind`=? AND `path`=? LIMIT 1 [2 links]"
time=2024-06-15T19:06:31.638 level=INF caller=echo ip=::1 GET=/links span=5.127ms
time=2024-06-15T19:06:32.441 level=INF caller=xorm msg="[SQL] SELECT `id`, `cate_id`, `kind`, `status`, `title`, `path`, `summary`, `markdown`, `richtext`, `allow`, `updated`, `created` FROM `post` WHERE `kind`=? AND `path`=? LIMIT 1 [2 about]"
time=2024-06-15T19:06:32.444 level=INF caller=echo ip=::1 GET=/about span=2.9762ms
time=2024-06-15T19:06:33.453 level=INF caller=xorm msg="[SQL] SELECT `id`, `title`, `path`, `created` FROM `post` WHERE (kind = ?) AND (status = ?) ORDER BY `id` DESC [1 2]"
time=2024-06-15T19:06:33.455 level=INF caller=echo ip=::1 GET=/archives span=2.9266ms
time=2024-06-15T19:06:35.108 level=INF caller=xorm msg="[SQL] SELECT `id`, `title`, `path`, `created`, `summary` FROM `post` WHERE (kind = ?) ORDER BY `id` DESC LIMIT 6 [1] - 639.4µs"
time=2024-06-15T19:06:35.108 level=INF caller=xorm msg="[SQL] SELECT count(*) FROM `post` WHERE (kind = ?) [1]"
time=2024-06-15T19:06:35.111 level=INF caller=echo ip=::1 GET=/ span=3.4171ms
time=2024-06-15T19:06:38.023 level=INF caller=xorm msg="[SQL] SELECT `id`, `cate_id`, `kind`, `status`, `title`, `path`, `summary`, `markdown`, `richtext`, `allow`, `updated`, `created` FROM `post` WHERE `kind`=? AND `path`=? LIMIT 1 [1 gohello] - 256.4µs"
time=2024-06-15T19:06:38.023 level=INF caller=xorm msg="[SQL] SELECT `id`, `cate_id`, `kind`, `status`, `title`, `path`, `summary`, `markdown`, `richtext`, `allow`, `updated`, `created` FROM `post` WHERE (kind = ? and status = ? and created >?) ORDER BY `created` ASC LIMIT 1 [1 2 1715105584648]"
time=2024-06-15T19:06:38.023 level=INF caller=xorm msg="[SQL] SELECT `id`, `cate_id`, `kind`, `status`, `title`, `path`, `summary`, `markdown`, `richtext`, `allow`, `updated`, `created` FROM `post` WHERE (kind = ? and status = ? and created <?) ORDER BY `created` DESC LIMIT 1 [1 2 1715105584648]"
time=2024-06-15T19:06:38.026 level=INF caller=echo ip=::1 GET=/posts/gohello.html span=3.9452ms
time=2024-06-15T19:07:59.414 level=INF caller=xorm msg="[SQL] SELECT `id`, `title`, `path`, `created`, `summary` FROM `post` WHERE (kind = ?) ORDER BY `id` DESC LIMIT 6 [1] - 440.5µs"
time=2024-06-15T19:07:59.415 level=INF caller=xorm msg="[SQL] SELECT count(*) FROM `post` WHERE (kind = ?) [1] - 505.5µs"
time=2024-06-15T19:07:59.439 level=INF caller=echo ip=::1 GET=/ span=25.2288ms
time=2024-06-15T19:08:04.490 level=INF caller=xorm msg="[SQL] SELECT `id`, `cate_id`, `kind`, `status`, `title`, `path`, `summary`, `markdown`, `richtext`, `allow`, `updated`, `created` FROM `post` WHERE `kind`=? AND `path`=? LIMIT 1 [1 gohello]"
time=2024-06-15T19:08:04.490 level=INF caller=xorm msg="[SQL] SELECT `id`, `cate_id`, `kind`, `status`, `title`, `path`, `summary`, `markdown`, `richtext`, `allow`, `updated`, `created` FROM `post` WHERE (kind = ? and status = ? and created >?) ORDER BY `created` ASC LIMIT 1 [1 2 1715105584648]"
time=2024-06-15T19:08:04.490 level=INF caller=xorm msg="[SQL] SELECT `id`, `cate_id`, `kind`, `status`, `title`, `path`, `summary`, `markdown`, `richtext`, `allow`, `updated`, `created` FROM `post` WHERE (kind = ? and status = ? and created <?) ORDER BY `created` DESC LIMIT 1 [1 2 1715105584648]"
time=2024-06-15T19:08:04.494 level=INF caller=echo ip=::1 GET=/posts/gohello.html span=4.2443ms
time=2024-06-15T19:08:33.250 level=INF caller=D:/root/code/goblog/test.go:66 msg="app quitted"
time=2024-06-15T19:27:28.894 level=INF trace=257af43e caller=D:/root/code/goblog/test.go:36 msg="app initializing"
time=2024-06-15T19:27:28.896 level=INF trace=257af43e caller=D:/root/code/goblog/internal/repo/repo.go:35 msg="use db :sqlite"
time=2024-06-15T19:27:28.896 level=INF trace=257af43e caller=D:/root/code/goblog/internal/repo/repo.go:37 msg="orm hijack log :true"
time=2024-06-15T19:27:28.896 level=INF caller=xorm msg="PING DATABASE sqlite"
time=2024-06-15T19:27:28.896 level=INF trace=257af43e caller=D:/root/code/goblog/internal/repo/repo.go:51 msg="show sql true"
time=2024-06-15T19:27:28.896 level=INF trace=257af43e caller=D:/root/code/goblog/internal/repo/repo.go:53 msg="use cache true"
time=2024-06-15T19:27:28.897 level=INF caller=xorm msg="[SQL] SELECT name FROM sqlite_master WHERE type='table' [] - 1.0981ms"
time=2024-06-15T19:27:28.897 level=INF caller=xorm msg="[SQL] SELECT sql FROM sqlite_master WHERE type='table' and name = ? [tag]"
time=2024-06-15T19:27:28.897 level=INF caller=xorm msg="[SQL] SELECT sql FROM sqlite_master WHERE type='index' and tbl_name = ? [tag]"
time=2024-06-15T19:27:28.898 level=INF caller=xorm msg="[SQL] SELECT sql FROM sqlite_master WHERE type='table' and name = ? [cate]"
time=2024-06-15T19:27:28.898 level=INF caller=xorm msg="[SQL] SELECT sql FROM sqlite_master WHERE type='index' and tbl_name = ? [cate]"
time=2024-06-15T19:27:28.898 level=INF caller=xorm msg="[SQL] SELECT sql FROM sqlite_master WHERE type='table' and name = ? [post]"
time=2024-06-15T19:27:28.899 level=INF caller=xorm msg="[SQL] SELECT sql FROM sqlite_master WHERE type='index' and tbl_name = ? [post]"
time=2024-06-15T19:27:28.899 level=WRN caller=xorm msg="Table post Column kind db default is 1, struct default is "
time=2024-06-15T19:27:28.899 level=WRN caller=xorm msg="Table post Column kind db nullable is false, struct nullable is true"
time=2024-06-15T19:27:28.899 level=INF caller=xorm msg="[SQL] SELECT sql FROM sqlite_master WHERE type='table' and name = ? [post_tag]"
time=2024-06-15T19:27:28.899 level=INF caller=xorm msg="[SQL] SELECT sql FROM sqlite_master WHERE type='index' and tbl_name = ? [post_tag]"
time=2024-06-15T19:27:28.899 level=INF caller=xorm msg="[SQL] SELECT sql FROM sqlite_master WHERE type='table' and name = ? [dict] - 537.6µs"
time=2024-06-15T19:27:28.899 level=INF caller=xorm msg="[SQL] SELECT sql FROM sqlite_master WHERE type='index' and tbl_name = ? [dict]"
time=2024-06-15T19:27:28.899 level=INF caller=xorm msg="[SQL] SELECT sql FROM sqlite_master WHERE type='table' and name = ? [role]"
time=2024-06-15T19:27:28.899 level=INF caller=xorm msg="[SQL] SELECT sql FROM sqlite_master WHERE type='index' and tbl_name = ? [role]"
time=2024-06-15T19:27:28.900 level=INF caller=xorm msg="[SQL] SELECT sql FROM sqlite_master WHERE type='table' and name = ? [grant] - 204.5µs"
time=2024-06-15T19:27:28.900 level=INF caller=xorm msg="[SQL] SELECT sql FROM sqlite_master WHERE type='index' and tbl_name = ? [grant]"
time=2024-06-15T19:27:28.900 level=INF caller=xorm msg="[SQL] SELECT sql FROM sqlite_master WHERE type='table' and name = ? [admin] - 504.9µs"
time=2024-06-15T19:27:28.901 level=INF caller=xorm msg="[SQL] SELECT sql FROM sqlite_master WHERE type='index' and tbl_name = ? [admin] - 504.3µs"
time=2024-06-15T19:27:28.901 level=INF caller=xorm msg="[SQL] SELECT sql FROM sqlite_master WHERE type='table' and name = ? [role_grant]"
time=2024-06-15T19:27:28.901 level=INF caller=xorm msg="[SQL] SELECT sql FROM sqlite_master WHERE type='index' and tbl_name = ? [role_grant]"
time=2024-06-15T19:27:28.902 level=INF caller=xorm msg="[SQL] SELECT `key`, `value`, `kind`, `inner`, `intro`, `updated`, `created` FROM `dict` WHERE `key`=? LIMIT 1 [basic]"
time=2024-06-15T19:27:28.902 level=INF caller=D:/root/code/goblog/internal/repo/ker_repo.go:37 msg="basic cache"
time=2024-06-15T19:27:28.902 level=INF caller=xorm msg="[SQL] SELECT `key`, `value`, `kind`, `inner`, `intro`, `updated`, `created` FROM `dict` WHERE `key`=? LIMIT 1 [blog]"
time=2024-06-15T19:27:28.902 level=INF caller=D:/root/code/goblog/internal/repo/ker_repo.go:61 msg="blog cache"
time=2024-06-15T19:27:28.907 level=INF trace=257af43e caller=D:/root/code/goblog/internal/repo/repo.go:80 msg="model init"
time=2024-06-15T19:27:28.907 level=INF caller=D:/root/code/goblog/test.go:42 msg="app running"
time=2024-06-15T19:27:36.656 level=INF caller=xorm msg="[SQL] SELECT `id`, `title`, `path`, `created`, `summary` FROM `post` WHERE (kind = ?) ORDER BY `id` DESC LIMIT 6 [1] - 505.7µs"
time=2024-06-15T19:27:36.657 level=INF caller=xorm msg="[SQL] SELECT count(*) FROM `post` WHERE (kind = ?) [1] - 589.5µs"
time=2024-06-15T19:27:36.662 level=INF caller=echo ip=::1 GET=/ span=5.9352ms
time=2024-06-15T19:27:55.812 level=INF caller=D:/root/code/goblog/test.go:66 msg="app quitted"
time=2024-06-15T19:31:58.619 level=INF trace=b8acfca9 caller=D:/root/code/goblog/test.go:36 msg="app initializing"
time=2024-06-15T19:31:58.619 level=INF trace=b8acfca9 caller=D:/root/code/goblog/internal/repo/repo.go:35 msg="use db :sqlite"
time=2024-06-15T19:31:58.619 level=INF trace=b8acfca9 caller=D:/root/code/goblog/internal/repo/repo.go:37 msg="orm hijack log :true"
time=2024-06-15T19:31:58.619 level=INF caller=xorm msg="PING DATABASE sqlite"
time=2024-06-15T19:31:58.620 level=INF trace=b8acfca9 caller=D:/root/code/goblog/internal/repo/repo.go:51 msg="show sql true"
time=2024-06-15T19:31:58.620 level=INF trace=b8acfca9 caller=D:/root/code/goblog/internal/repo/repo.go:53 msg="use cache true"
time=2024-06-15T19:31:58.621 level=INF caller=xorm msg="[SQL] SELECT name FROM sqlite_master WHERE type='table' [] - 557.7µs"
time=2024-06-15T19:31:58.621 level=INF caller=xorm msg="[SQL] SELECT sql FROM sqlite_master WHERE type='table' and name = ? [tag]"
time=2024-06-15T19:31:58.621 level=INF caller=xorm msg="[SQL] SELECT sql FROM sqlite_master WHERE type='index' and tbl_name = ? [tag]"
time=2024-06-15T19:31:58.621 level=INF caller=xorm msg="[SQL] SELECT sql FROM sqlite_master WHERE type='table' and name = ? [cate]"
time=2024-06-15T19:31:58.621 level=INF caller=xorm msg="[SQL] SELECT sql FROM sqlite_master WHERE type='index' and tbl_name = ? [cate]"
time=2024-06-15T19:31:58.622 level=INF caller=xorm msg="[SQL] SELECT sql FROM sqlite_master WHERE type='table' and name = ? [post]"
time=2024-06-15T19:31:58.622 level=INF caller=xorm msg="[SQL] SELECT sql FROM sqlite_master WHERE type='index' and tbl_name = ? [post]"
time=2024-06-15T19:31:58.622 level=WRN caller=xorm msg="Table post Column kind db default is 1, struct default is "
time=2024-06-15T19:31:58.622 level=WRN caller=xorm msg="Table post Column kind db nullable is false, struct nullable is true"
time=2024-06-15T19:31:58.622 level=INF caller=xorm msg="[SQL] SELECT sql FROM sqlite_master WHERE type='table' and name = ? [post_tag]"
time=2024-06-15T19:31:58.622 level=INF caller=xorm msg="[SQL] SELECT sql FROM sqlite_master WHERE type='index' and tbl_name = ? [post_tag]"
time=2024-06-15T19:31:58.622 level=INF caller=xorm msg="[SQL] SELECT sql FROM sqlite_master WHERE type='table' and name = ? [dict]"
time=2024-06-15T19:31:58.622 level=INF caller=xorm msg="[SQL] SELECT sql FROM sqlite_master WHERE type='index' and tbl_name = ? [dict]"
time=2024-06-15T19:31:58.623 level=INF caller=xorm msg="[SQL] SELECT sql FROM sqlite_master WHERE type='table' and name = ? [role] - 530.7µs"
time=2024-06-15T19:31:58.623 level=INF caller=xorm msg="[SQL] SELECT sql FROM sqlite_master WHERE type='index' and tbl_name = ? [role]"
time=2024-06-15T19:31:58.623 level=INF caller=xorm msg="[SQL] SELECT sql FROM sqlite_master WHERE type='table' and name = ? [grant]"
time=2024-06-15T19:31:58.623 level=INF caller=xorm msg="[SQL] SELECT sql FROM sqlite_master WHERE type='index' and tbl_name = ? [grant]"
time=2024-06-15T19:31:58.624 level=INF caller=xorm msg="[SQL] SELECT sql FROM sqlite_master WHERE type='table' and name = ? [admin]"
time=2024-06-15T19:31:58.624 level=INF caller=xorm msg="[SQL] SELECT sql FROM sqlite_master WHERE type='index' and tbl_name = ? [admin]"
time=2024-06-15T19:31:58.624 level=INF caller=xorm msg="[SQL] SELECT sql FROM sqlite_master WHERE type='table' and name = ? [role_grant]"
time=2024-06-15T19:31:58.624 level=INF caller=xorm msg="[SQL] SELECT sql FROM sqlite_master WHERE type='index' and tbl_name = ? [role_grant] - 529.3µs"
time=2024-06-15T19:31:58.624 level=INF caller=xorm msg="[SQL] SELECT `key`, `value`, `kind`, `inner`, `intro`, `updated`, `created` FROM `dict` WHERE `key`=? LIMIT 1 [basic]"
time=2024-06-15T19:31:58.624 level=INF caller=D:/root/code/goblog/internal/repo/ker_repo.go:37 msg="basic cache"
time=2024-06-15T19:31:58.624 level=INF caller=xorm msg="[SQL] SELECT `key`, `value`, `kind`, `inner`, `intro`, `updated`, `created` FROM `dict` WHERE `key`=? LIMIT 1 [blog]"
time=2024-06-15T19:31:58.624 level=INF caller=D:/root/code/goblog/internal/repo/ker_repo.go:61 msg="blog cache"
time=2024-06-15T19:31:58.624 level=INF trace=b8acfca9 caller=D:/root/code/goblog/internal/repo/repo.go:80 msg="model init"
time=2024-06-15T19:31:58.624 level=INF caller=D:/root/code/goblog/test.go:42 msg="app running"
time=2024-06-15T19:32:06.519 level=INF caller=echo ip=::1 GET=/api/admin/all span=0s
time=2024-06-15T19:32:22.202 level=INF caller=D:/root/code/goblog/test.go:66 msg="app quitted"
time=2024-06-15T19:49:41.043 level=INF trace=7d2878c4 caller=D:/root/code/goblog/test.go:36 msg="app initializing"
time=2024-06-15T19:49:41.046 level=INF trace=7d2878c4 caller=D:/root/code/goblog/internal/repo/repo.go:35 msg="use db :sqlite"
time=2024-06-15T19:49:41.046 level=INF trace=7d2878c4 caller=D:/root/code/goblog/internal/repo/repo.go:37 msg="orm hijack log :true"
time=2024-06-15T19:49:41.046 level=INF caller=xorm msg="PING DATABASE sqlite"
time=2024-06-15T19:49:41.047 level=INF trace=7d2878c4 caller=D:/root/code/goblog/internal/repo/repo.go:51 msg="show sql true"
time=2024-06-15T19:49:41.047 level=INF trace=7d2878c4 caller=D:/root/code/goblog/internal/repo/repo.go:53 msg="use cache true"
time=2024-06-15T19:49:41.048 level=INF caller=xorm msg="[SQL] SELECT name FROM sqlite_master WHERE type='table' [] - 1.0512ms"
time=2024-06-15T19:49:41.048 level=INF caller=xorm msg="[SQL] SELECT sql FROM sqlite_master WHERE type='table' and name = ? [tag]"
time=2024-06-15T19:49:41.049 level=INF caller=xorm msg="[SQL] SELECT sql FROM sqlite_master WHERE type='index' and tbl_name = ? [tag]"
time=2024-06-15T19:49:41.049 level=INF caller=xorm msg="[SQL] SELECT sql FROM sqlite_master WHERE type='table' and name = ? [cate]"
time=2024-06-15T19:49:41.050 level=INF caller=xorm msg="[SQL] SELECT sql FROM sqlite_master WHERE type='index' and tbl_name = ? [cate] - 542µs"
time=2024-06-15T19:49:41.050 level=INF caller=xorm msg="[SQL] SELECT sql FROM sqlite_master WHERE type='table' and name = ? [post]"
time=2024-06-15T19:49:41.050 level=INF caller=xorm msg="[SQL] SELECT sql FROM sqlite_master WHERE type='index' and tbl_name = ? [post]"
time=2024-06-15T19:49:41.050 level=WRN caller=xorm msg="Table post Column kind db default is 1, struct default is "
time=2024-06-15T19:49:41.050 level=WRN caller=xorm msg="Table post Column kind db nullable is false, struct nullable is true"
time=2024-06-15T19:49:41.050 level=INF caller=xorm msg="[SQL] SELECT sql FROM sqlite_master WHERE type='table' and name = ? [post_tag] - 526.3µs"
time=2024-06-15T19:49:41.050 level=INF caller=xorm msg="[SQL] SELECT sql FROM sqlite_master WHERE type='index' and tbl_name = ? [post_tag]"
time=2024-06-15T19:49:41.050 level=INF caller=xorm msg="[SQL] SELECT sql FROM sqlite_master WHERE type='table' and name = ? [dict]"
time=2024-06-15T19:49:41.051 level=INF caller=xorm msg="[SQL] SELECT sql FROM sqlite_master WHERE type='index' and tbl_name = ? [dict]"
time=2024-06-15T19:49:41.051 level=INF caller=xorm msg="[SQL] SELECT sql FROM sqlite_master WHERE type='table' and name = ? [role]"
time=2024-06-15T19:49:41.051 level=INF caller=xorm msg="[SQL] SELECT sql FROM sqlite_master WHERE type='index' and tbl_name = ? [role]"
time=2024-06-15T19:49:41.051 level=INF caller=xorm msg="[SQL] SELECT sql FROM sqlite_master WHERE type='table' and name = ? [grant]"
time=2024-06-15T19:49:41.051 level=INF caller=xorm msg="[SQL] SELECT sql FROM sqlite_master WHERE type='index' and tbl_name = ? [grant]"
time=2024-06-15T19:49:41.051 level=INF caller=xorm msg="[SQL] SELECT sql FROM sqlite_master WHERE type='table' and name = ? [admin]"
time=2024-06-15T19:49:41.052 level=INF caller=xorm msg="[SQL] SELECT sql FROM sqlite_master WHERE type='index' and tbl_name = ? [admin]"
time=2024-06-15T19:49:41.052 level=INF caller=xorm msg="[SQL] SELECT sql FROM sqlite_master WHERE type='table' and name = ? [role_grant]"
time=2024-06-15T19:49:41.052 level=INF caller=xorm msg="[SQL] SELECT sql FROM sqlite_master WHERE type='index' and tbl_name = ? [role_grant]"
time=2024-06-15T19:49:41.053 level=INF caller=xorm msg="[SQL] SELECT `key`, `value`, `kind`, `inner`, `intro`, `updated`, `created` FROM `dict` WHERE `key`=? LIMIT 1 [basic] - 505µs"
time=2024-06-15T19:49:41.053 level=INF caller=D:/root/code/goblog/internal/repo/ker_repo.go:37 msg="basic cache"
time=2024-06-15T19:49:41.053 level=INF caller=xorm msg="[SQL] SELECT `key`, `value`, `kind`, `inner`, `intro`, `updated`, `created` FROM `dict` WHERE `key`=? LIMIT 1 [blog]"
time=2024-06-15T19:49:41.053 level=INF caller=D:/root/code/goblog/internal/repo/ker_repo.go:61 msg="blog cache"
time=2024-06-15T19:49:41.054 level=INF trace=7d2878c4 caller=D:/root/code/goblog/internal/repo/repo.go:80 msg="model init"
time=2024-06-15T19:49:41.266 level=INF caller=D:/root/code/goblog/test.go:42 msg="app running"
time=2024-06-15T19:50:47.059 level=INF caller=xorm msg="[SQL] SELECT `id`, `title`, `path`, `created`, `summary` FROM `post` WHERE (kind = ?) ORDER BY `id` DESC LIMIT 6 [1] - 1.5928ms"
time=2024-06-15T19:50:47.061 level=INF caller=xorm msg="[SQL] SELECT count(*) FROM `post` WHERE (kind = ?) [1] - 1.0422ms"
time=2024-06-15T19:50:47.074 level=INF caller=echo ip=::1 GET=/ span=18.9386ms
time=2024-06-15T19:50:59.517 level=INF caller=xorm msg="[SQL] SELECT `id`, `guid`, `name`, `group`, `routes`, `sort`, `inner`, `updated`, `created` FROM `grant` [] - 528.9µs"
time=2024-06-15T19:50:59.518 level=INF caller=echo ip=127.0.0.1 GET=/api/auth/grant span=7.4545ms
time=2024-06-15T19:51:00.292 level=INF caller=echo ip=127.0.0.1 GET=/api/status/go span=0s
time=2024-06-15T19:51:00.295 level=INF caller=xorm msg="[SQL] SELECT `id`, `num`, `name`, `passwd`, `avatar`, `salt`, `phone`, `email`, `role_id`, `updated`, `created` FROM `admin` WHERE `id`=? LIMIT 1 [1] - 798.7µs"
time=2024-06-15T19:51:00.295 level=INF caller=echo ip=127.0.0.1 GET=/api/auth/get span=3.8963ms
time=2024-06-15T19:51:04.627 level=INF caller=xorm msg="[SQL] SELECT count(*) FROM `log` [] - 551.8µs"
time=2024-06-15T19:51:04.627 level=INF caller=echo ip=127.0.0.1 GET=/api/log/page?pi=1&ps=12&mult= span=1.092ms
time=2024-06-15T19:51:06.349 level=INF caller=echo ip=127.0.0.1 GET=/api/status/go span=0s
time=2024-06-15T19:51:08.059 level=INF caller=xorm msg="[SQL] SELECT count(*) FROM `log` []"
time=2024-06-15T19:51:08.059 level=INF caller=echo ip=127.0.0.1 GET=/api/log/page?pi=1&ps=12&mult= span=494µs
time=2024-06-15T19:51:25.647 level=INF caller=echo ip=127.0.0.1 GET=/api/auth/grant span=508.8µs
time=2024-06-15T19:51:25.928 level=INF caller=xorm msg="[SQL] SELECT `key`, `value`, `kind`, `inner`, `intro`, `updated`, `created` FROM `dict` WHERE `key`=? LIMIT 1 [login]"
time=2024-06-15T19:51:25.928 level=INF caller=echo ip=127.0.0.1 GET=/api/dict/login span=4.5859ms
time=2024-06-15T19:51:25.939 level=INF caller=echo ip=127.0.0.1 GET=/api/auth/vcode span=14.9411ms
time=2024-06-15T19:51:36.633 level=DBG caller=D:/root/code/goblog/internal/service/kernel/auth.go:41 args={"num":"iadmin","vcode":"0226","vreal":"Ks8CZ0JlvV9XbvMouE3w5w.1718452345.6DmOjt-ITPO1miYglJBn-A","passwd":"123456"} msg=login
time=2024-06-15T19:51:36.634 level=INF caller=xorm msg="[SQL] SELECT `id`, `num`, `name`, `passwd`, `avatar`, `salt`, `phone`, `email`, `role_id`, `updated`, `created` FROM `admin` WHERE `num`=? LIMIT 1 [iadmin]"
time=2024-06-15T19:51:36.636 level=INF caller=xorm msg="[SQL] BEGIN TRANSACTION [] - 759.7µs"
time=2024-06-15T19:51:36.638 level=INF caller=xorm msg="[SQL] INSERT INTO `log` (`admin_id`,`module`,`action`,`data`,`created`) VALUES (?,?,?,?,?) [1 auth 登录 {\"e\":1718538696,\"c\":{\"u\":1,\"r\":1,\"a\":true}} 1718452296] - 1.0215ms"
time=2024-06-15T19:51:36.638 level=INF caller=xorm msg="[SQL] ROLLBACK []"
time=2024-06-15T19:51:36.638 level=INF caller=echo ip=127.0.0.1 POST=/api/auth/login span=7.3556ms
time=2024-06-15T19:51:38.484 level=INF caller=xorm msg="[SQL] SELECT `id`, `guid`, `name`, `group`, `routes`, `sort`, `inner`, `updated`, `created` FROM `grant` [] - 506.4µs"
time=2024-06-15T19:51:38.485 level=INF caller=echo ip=127.0.0.1 GET=/api/auth/grant span=1.0257ms
time=2024-06-15T19:51:38.721 level=INF caller=xorm msg="[SQL] SELECT `id`, `num`, `name`, `passwd`, `avatar`, `salt`, `phone`, `email`, `role_id`, `updated`, `created` FROM `admin` WHERE `id`=? LIMIT 1 [1]"
time=2024-06-15T19:51:38.721 level=INF caller=echo ip=127.0.0.1 GET=/api/auth/get span=1.2511ms
time=2024-06-15T19:51:38.726 level=INF caller=echo ip=127.0.0.1 GET=/api/status/go span=1.2017ms
time=2024-06-15T19:51:38.772 level=INF caller=echo ip=127.0.0.1 GET=/static/upload/202405/0723jxbupmmjww7fhq.jpg span=11.8132ms
time=2024-06-15T19:51:56.249 level=INF caller=xorm msg="[SQL] SELECT count(*) FROM `log` []"
time=2024-06-15T19:51:56.249 level=INF caller=echo ip=127.0.0.1 GET=/api/log/page?pi=1&ps=12&mult= span=611.6µs
time=2024-06-15T19:51:58.136 level=INF caller=xorm msg="[SQL] SELECT count(*) FROM `log` []"
time=2024-06-15T19:51:58.136 level=INF caller=echo ip=127.0.0.1 GET=/api/log/page?pi=1&ps=12&mult= span=0s
time=2024-06-15T19:52:01.122 level=INF caller=xorm msg="[SQL] SELECT count(*) FROM `log` []"
time=2024-06-15T19:52:01.123 level=INF caller=echo ip=127.0.0.1 GET=/api/log/page?pi=1&ps=12&mult= span=504.5µs
time=2024-06-15T19:52:07.981 level=INF caller=xorm msg="[SQL] SELECT `id`, `kind`, `name`, `intro`, `color` FROM `cate` []"
time=2024-06-15T19:52:07.982 level=INF caller=echo ip=127.0.0.1 GET=/api/cate/list?kind=0 span=2.1692ms
time=2024-06-15T19:52:07.983 level=INF caller=xorm msg="[SQL] SELECT `key`, `value`, `kind`, `inner`, `intro`, `updated`, `created` FROM `dict` WHERE `key`=? LIMIT 1 [basic]"
time=2024-06-15T19:52:07.983 level=INF caller=echo ip=127.0.0.1 GET=/api/dict/basic span=470.3µs
time=2024-06-15T19:52:07.994 level=INF caller=xorm msg="[SQL] SELECT `id`, `kind`, `status`, `title`, `path`, `summary`, `updated`, `created` FROM `post` ORDER BY `id` DESC LIMIT 12 [] - 9.1766ms"
time=2024-06-15T19:52:07.994 level=INF caller=xorm msg="[SQL] SELECT count(*) FROM `post` []"
time=2024-06-15T19:52:07.994 level=INF caller=xorm msg="[SQL] SELECT `id`, `kind`, `name`, `intro`, `color` FROM `cate` [] - 10.8631ms"
time=2024-06-15T19:52:07.994 level=INF caller=echo ip=127.0.0.1 GET=/api/cate/list span=11.0182ms
time=2024-06-15T19:52:07.996 level=INF caller=echo ip=127.0.0.1 GET=/api/post/page?kind=0&cate_id=0&mult=&pi=1&ps=12 span=11.1963ms
time=2024-06-15T19:52:13.543 level=INF caller=xorm msg="[SQL] SELECT `id`, `kind`, `status`, `title`, `path`, `summary`, `updated`, `created` FROM `post` ORDER BY `id` DESC LIMIT 12 [] - 504.4µs"
time=2024-06-15T19:52:13.543 level=INF caller=xorm msg="[SQL] SELECT count(*) FROM `post` []"
time=2024-06-15T19:52:13.543 level=INF caller=echo ip=127.0.0.1 GET=/api/post/page?kind=0&cate_id=0&mult=&pi=1&ps=12 span=504.4µs
time=2024-06-15T19:52:21.130 level=INF caller=xorm msg="[SQL] SELECT `id`, `cate_id`, `kind`, `status`, `title`, `path`, `summary`, `markdown`, `richtext`, `allow`, `updated`, `created` FROM `post` WHERE `kind`=? AND `path`=? LIMIT 1 [1 init] - 591µs"
time=2024-06-15T19:52:21.136 level=INF caller=xorm msg="[SQL] SELECT `id`, `cate_id`, `kind`, `status`, `title`, `path`, `summary`, `markdown`, `richtext`, `allow`, `updated`, `created` FROM `post` WHERE (kind = ? and status = ? and created >?) ORDER BY `created` ASC LIMIT 1 [1 2 1715107048878] - 5.7453ms"
time=2024-06-15T19:52:21.137 level=INF caller=xorm msg="[SQL] SELECT `id`, `cate_id`, `kind`, `status`, `title`, `path`, `summary`, `markdown`, `richtext`, `allow`, `updated`, `created` FROM `post` WHERE (kind = ? and status = ? and created <?) ORDER BY `created` DESC LIMIT 1 [1 2 1715107048878] - 1.0228ms"
time=2024-06-15T19:52:21.146 level=INF caller=echo ip=127.0.0.1 GET=/posts/init.html span=18.0886ms
time=2024-06-15T19:52:21.287 level=INF caller=echo ip=127.0.0.1 GET=/static/css/app.css span=128.6224ms
time=2024-06-15T19:52:21.287 level=INF caller=echo ip=127.0.0.1 GET=/static/js/app.js span=120.8128ms
time=2024-06-15T19:52:21.289 level=INF caller=echo ip=127.0.0.1 GET=/static/upload/202405/0723jxbuq5ea4pfwaw.jpg span=122.8657ms
time=2024-06-15T19:52:21.301 level=INF caller=echo ip=127.0.0.1 GET=/static/bg.jpg span=2.74ms
time=2024-06-15T19:52:21.405 level=INF caller=echo ip=127.0.0.1 GET=/static/font/iconfont.ttf span=4.5843ms
time=2024-06-15T19:52:21.877 level=INF caller=echo ip=127.0.0.1 GET=/favicon.ico span=1.841ms
time=2024-06-15T19:52:39.712 level=INF caller=D:/root/code/goblog/test.go:66 msg="app quitted"
time=2024-06-15T19:59:25.868 level=INF trace=0afbe5a7 caller=D:/root/code/goblog/test.go:36 msg="app initializing"
time=2024-06-15T19:59:25.868 level=INF trace=0afbe5a7 caller=D:/root/code/goblog/internal/repo/repo.go:35 msg="use db :sqlite"
time=2024-06-15T19:59:25.868 level=INF trace=0afbe5a7 caller=D:/root/code/goblog/internal/repo/repo.go:37 msg="orm hijack log :true"
time=2024-06-15T19:59:25.878 level=INF caller=xorm msg="PING DATABASE sqlite"
time=2024-06-15T19:59:25.889 level=INF trace=0afbe5a7 caller=D:/root/code/goblog/internal/repo/repo.go:51 msg="show sql true"
time=2024-06-15T19:59:25.889 level=INF trace=0afbe5a7 caller=D:/root/code/goblog/internal/repo/repo.go:53 msg="use cache true"
time=2024-06-15T19:59:25.889 level=INF caller=xorm msg="[SQL] SELECT name FROM sqlite_master WHERE type='table' []"
time=2024-06-15T19:59:25.889 level=INF caller=xorm msg="[SQL] SELECT sql FROM sqlite_master WHERE type='table' and name = ? [tag]"
time=2024-06-15T19:59:25.889 level=INF caller=xorm msg="[SQL] SELECT sql FROM sqlite_master WHERE type='index' and tbl_name = ? [tag]"
time=2024-06-15T19:59:25.889 level=INF caller=xorm msg="[SQL] SELECT sql FROM sqlite_master WHERE type='table' and name = ? [cate]"
time=2024-06-15T19:59:25.889 level=INF caller=xorm msg="[SQL] SELECT sql FROM sqlite_master WHERE type='index' and tbl_name = ? [cate]"
time=2024-06-15T19:59:25.889 level=INF caller=xorm msg="[SQL] SELECT sql FROM sqlite_master WHERE type='table' and name = ? [post]"
time=2024-06-15T19:59:25.889 level=INF caller=xorm msg="[SQL] SELECT sql FROM sqlite_master WHERE type='index' and tbl_name = ? [post]"
time=2024-06-15T19:59:25.889 level=WRN caller=xorm msg="Table post Column kind db default is 1, struct default is "
time=2024-06-15T19:59:25.889 level=WRN caller=xorm msg="Table post Column kind db nullable is false, struct nullable is true"
time=2024-06-15T19:59:25.889 level=INF caller=xorm msg="[SQL] SELECT sql FROM sqlite_master WHERE type='table' and name = ? [post_tag]"
time=2024-06-15T19:59:25.897 level=INF caller=xorm msg="[SQL] SELECT sql FROM sqlite_master WHERE type='index' and tbl_name = ? [post_tag]"
time=2024-06-15T19:59:25.897 level=INF caller=xorm msg="[SQL] SELECT sql FROM sqlite_master WHERE type='table' and name = ? [dict]"
time=2024-06-15T19:59:25.897 level=INF caller=xorm msg="[SQL] SELECT sql FROM sqlite_master WHERE type='index' and tbl_name = ? [dict]"
time=2024-06-15T19:59:25.897 level=INF caller=xorm msg="[SQL] SELECT sql FROM sqlite_master WHERE type='table' and name = ? [role]"
time=2024-06-15T19:59:25.897 level=INF caller=xorm msg="[SQL] SELECT sql FROM sqlite_master WHERE type='index' and tbl_name = ? [role]"
time=2024-06-15T19:59:25.897 level=INF caller=xorm msg="[SQL] SELECT sql FROM sqlite_master WHERE type='table' and name = ? [grant]"
time=2024-06-15T19:59:25.897 level=INF caller=xorm msg="[SQL] SELECT sql FROM sqlite_master WHERE type='index' and tbl_name = ? [grant]"
time=2024-06-15T19:59:25.897 level=INF caller=xorm msg="[SQL] SELECT sql FROM sqlite_master WHERE type='table' and name = ? [admin]"
time=2024-06-15T19:59:25.897 level=INF caller=xorm msg="[SQL] SELECT sql FROM sqlite_master WHERE type='index' and tbl_name = ? [admin]"
time=2024-06-15T19:59:25.897 level=INF caller=xorm msg="[SQL] SELECT sql FROM sqlite_master WHERE type='table' and name = ? [role_grant]"
time=2024-06-15T19:59:25.897 level=INF caller=xorm msg="[SQL] SELECT sql FROM sqlite_master WHERE type='index' and tbl_name = ? [role_grant]"
time=2024-06-15T19:59:25.899 level=INF caller=xorm msg="[SQL] SELECT `key`, `value`, `kind`, `inner`, `intro`, `updated`, `created` FROM `dict` WHERE `key`=? LIMIT 1 [basic]"
time=2024-06-15T19:59:25.899 level=INF caller=D:/root/code/goblog/internal/repo/ker_repo.go:37 msg="basic cache"
time=2024-06-15T19:59:25.899 level=INF caller=xorm msg="[SQL] SELECT `key`, `value`, `kind`, `inner`, `intro`, `updated`, `created` FROM `dict` WHERE `key`=? LIMIT 1 [blog]"
time=2024-06-15T19:59:25.899 level=INF caller=D:/root/code/goblog/internal/repo/ker_repo.go:61 msg="blog cache"
time=2024-06-15T19:59:25.899 level=INF trace=0afbe5a7 caller=D:/root/code/goblog/internal/repo/repo.go:80 msg="model init"
time=2024-06-15T19:59:25.899 level=INF caller=D:/root/code/goblog/test.go:42 msg="app running"
time=2024-06-15T19:59:44.928 level=INF caller=xorm msg="[SQL] SELECT count(*) FROM `log` []"
time=2024-06-15T19:59:44.928 level=INF caller=echo ip=127.0.0.1 GET=/api/log/page?pi=1&ps=12&mult= span=2.1385ms
time=2024-06-15T19:59:47.452 level=INF caller=xorm msg="[SQL] SELECT `id`, `title`, `path`, `created`, `summary` FROM `post` WHERE (kind = ?) ORDER BY `id` DESC LIMIT 6 [1] - 1.1138ms"
time=2024-06-15T19:59:47.452 level=INF caller=xorm msg="[SQL] SELECT count(*) FROM `post` WHERE (kind = ?) [1] - 630.2µs"
time=2024-06-15T19:59:47.459 level=INF caller=echo ip=::1 GET=/ span=17.309ms
time=2024-06-15T19:59:50.740 level=INF caller=echo ip=127.0.0.1 GET=/api/status/go span=0s
time=2024-06-15T19:59:55.484 level=INF caller=xorm msg="[SQL] SELECT `id`, `kind`, `name`, `intro`, `color` FROM `cate` [] - 511.5µs"
time=2024-06-15T19:59:55.489 level=INF caller=echo ip=127.0.0.1 GET=/api/cate/list?kind=0 span=14.5899ms
time=2024-06-15T19:59:55.490 level=INF caller=xorm msg="[SQL] SELECT `id`, `kind`, `name`, `intro`, `color` FROM `cate` [] - 6.1346ms"
time=2024-06-15T19:59:55.492 level=INF caller=xorm msg="[SQL] SELECT `id`, `kind`, `status`, `title`, `path`, `summary`, `updated`, `created` FROM `post` ORDER BY `id` DESC LIMIT 12 [] - 4.1403ms"
time=2024-06-15T19:59:55.492 level=INF caller=echo ip=127.0.0.1 GET=/api/cate/list span=14.7662ms
time=2024-06-15T19:59:55.492 level=INF caller=xorm msg="[SQL] SELECT `key`, `value`, `kind`, `inner`, `intro`, `updated`, `created` FROM `dict` WHERE `key`=? LIMIT 1 [basic] - 8.4641ms"
time=2024-06-15T19:59:55.492 level=INF caller=echo ip=127.0.0.1 GET=/api/dict/basic span=15.8068ms
time=2024-06-15T19:59:55.492 level=INF caller=xorm msg="[SQL] SELECT count(*) FROM `post` [] - 510.8µs"
time=2024-06-15T19:59:55.492 level=INF caller=echo ip=127.0.0.1 GET=/api/post/page?kind=0&cate_id=0&mult=&pi=1&ps=12 span=15.277ms
time=2024-06-15T20:00:03.523 level=INF caller=xorm msg="[SQL] SELECT `key`, `value`, `kind`, `inner`, `intro`, `updated`, `created` FROM `dict` WHERE `key`=? LIMIT 1 [basic] - 510.2µs"
time=2024-06-15T20:00:03.523 level=INF caller=echo ip=127.0.0.1 GET=/api/dict/basic span=510.2µs
time=2024-06-15T20:00:03.530 level=INF caller=xorm msg="[SQL] SELECT `id`, `kind`, `name`, `intro`, `color` FROM `cate` [] - 7.2202ms"
time=2024-06-15T20:00:03.530 level=INF caller=echo ip=127.0.0.1 GET=/api/cate/list?kind=0 span=7.3158ms
time=2024-06-15T20:00:03.531 level=INF caller=xorm msg="[SQL] SELECT `id`, `name`, `intro`, `color`, `updated`, `created` FROM `tag` [] - 900.6µs"
time=2024-06-15T20:00:03.532 level=INF caller=echo ip=127.0.0.1 GET=/api/tag/list span=2.3947ms
time=2024-06-15T20:00:03.536 level=INF caller=xorm msg="[SQL] SELECT `id`, `kind`, `name`, `intro`, `color` FROM `cate` []"
time=2024-06-15T20:00:03.537 level=INF caller=echo ip=127.0.0.1 GET=/api/cate/list?kind=0 span=542.4µs
time=2024-06-15T20:00:03.654 level=INF caller=echo ip=127.0.0.1 GET=/static/markdown/github-markdown.min.css span=136.3534ms
time=2024-06-15T20:00:03.654 level=INF caller=echo ip=127.0.0.1 GET=/static/katex/katex.min.css span=136.282ms
time=2024-06-15T20:00:03.655 level=INF caller=echo ip=127.0.0.1 GET=/static/highlightjs/highlight.min.js span=136.3432ms
time=2024-06-15T20:00:03.656 level=INF caller=echo ip=127.0.0.1 GET=/static/katex/katex.min.js span=137.4768ms
time=2024-06-15T20:01:17.941 level=INF caller=echo ip=127.0.0.1 GET=/static/highlightjs/languages/powershell.min.js span=2.1514ms
time=2024-06-15T20:02:15.856 level=INF caller=xorm msg="[SQL] SELECT `id`, `kind`, `name`, `intro`, `color` FROM `cate` WHERE (kind = ?) [3] - 598µs"
time=2024-06-15T20:02:15.856 level=INF caller=echo ip=127.0.0.1 GET=/api/cate/list?kind=3 span=1.0519ms
time=2024-06-15T20:02:15.858 level=INF caller=xorm msg="[SQL] SELECT `id`, `kind`, `status`, `title`, `path`, `summary`, `updated`, `created` FROM `post` WHERE (kind = ?) ORDER BY `id` DESC [3]"
time=2024-06-15T20:02:15.858 level=INF caller=echo ip=127.0.0.1 GET=/api/post/list?kind=3&mult=&cate_id=0 span=508.5µs
time=2024-06-15T20:02:15.859 level=INF caller=xorm msg="[SQL] SELECT `id`, `name`, `intro`, `color`, `updated`, `created` FROM `tag` [] - 536.5µs"
time=2024-06-15T20:02:15.860 level=INF caller=echo ip=127.0.0.1 GET=/api/tag/list span=536.5µs
time=2024-06-15T20:02:15.898 level=INF caller=xorm msg="[SQL] SELECT `id`, `cate_id`, `kind`, `status`, `title`, `path`, `summary`, `markdown`, `richtext`, `allow`, `updated`, `created` FROM `post` LIMIT 1 []"
time=2024-06-15T20:02:15.899 level=INF caller=echo ip=127.0.0.1 GET=/api/post/get?id=0 span=1.0776ms
time=2024-06-15T20:02:16.975 level=INF caller=xorm msg="[SQL] SELECT `id`, `name`, `intro`, `color`, `updated`, `created` FROM `tag` [] - 519.9µs"
time=2024-06-15T20:02:16.975 level=INF caller=echo ip=127.0.0.1 GET=/api/tag/list span=519.9µs
time=2024-06-15T20:02:16.975 level=INF caller=xorm msg="[SQL] SELECT `id`, `kind`, `name`, `intro`, `color` FROM `cate` [] - 519.9µs"
time=2024-06-15T20:02:16.975 level=INF caller=echo ip=127.0.0.1 GET=/api/cate/list?kind=0 span=519.9µs
time=2024-06-15T20:02:16.975 level=INF caller=xorm msg="[SQL] SELECT `key`, `value`, `kind`, `inner`, `intro`, `updated`, `created` FROM `dict` WHERE `key`=? LIMIT 1 [basic]"
time=2024-06-15T20:02:16.976 level=INF caller=echo ip=127.0.0.1 GET=/api/dict/basic span=530.8µs
time=2024-06-15T20:02:16.977 level=INF caller=xorm msg="[SQL] SELECT `id`, `num`, `name`, `passwd`, `avatar`, `salt`, `phone`, `email`, `role_id`, `updated`, `created` FROM `admin` WHERE `id`=? LIMIT 1 [1] - 585.1µs"
time=2024-06-15T20:02:16.977 level=INF caller=echo ip=127.0.0.1 GET=/api/auth/get span=1.6358ms
time=2024-06-15T20:02:16.999 level=INF caller=xorm msg="[SQL] SELECT `id`, `kind`, `name`, `intro`, `color` FROM `cate` [] - 15.2901ms"
time=2024-06-15T20:02:16.999 level=INF caller=echo ip=127.0.0.1 GET=/api/cate/list?kind=0 span=15.903ms
time=2024-06-15T20:02:56.624 level=INF caller=xorm msg="[SQL] SELECT `id`, `cate_id`, `kind`, `status`, `title`, `path`, `summary`, `markdown`, `richtext`, `allow`, `updated`, `created` FROM `post` WHERE `path`=? LIMIT 1 [gopath] - 568.9µs"
time=2024-06-15T20:02:56.635 level=INF caller=xorm msg="[SQL] INSERT INTO `post` (`cate_id`,`kind`,`status`,`title`,`path`,`summary`,`markdown`,`richtext`,`allow`,`updated`,`created`) VALUES (?,?,?,?,?,?,?,?,?,?,?) [3 1 2 Go的环境与模块 gopath  Go的环境与模块非常重要\n\n# ask\n\n## Go有关的所有环境变量\n\n与Go语言相关的环境变量在Go的开发和运行过程中扮演着重要的角色。以下是Go语言中的一些重要环境变量，以及它们的简要说明：\n\n1. **通用环境变量**：\n   - **GOPATH**：用于指定Go语言的工作空间目录。在此目录下，通常包含三个子目录：src（源代码）、pkg（编译后生成的包文件）和bin（可执行文件）。从Go 1.11版本开始，虽然GOPATH仍然被支持，但Go引入了模块（Modules）的概念，使得项目可以更加独立和灵活地管理依赖。\n   - **GOBIN**：指定编译后生成的可执行文件的安装目录。默认情况下，其值为$GOPATH/bin。\n   - **GO111MODULE**：用于控制Go的运行模式。当设置为on时，Go将使用模块模式，允许项目使用go.mod和go.sum文件来管理依赖。当设置为off时，Go将使用传统的GOPATH模式。如果未设置或为空，则默认为auto，Go会根据项目是否包含go.mod文件来决定使用哪种模式。\n2. **系统架构相关的环境变量**：\n   - **GOARCH**：指定目标机器的处理器架构。例如，amd64、386、arm等。\n   - **GOOS**：指定目标机器的操作系统。例如，linux、darwin（Mac OS）、windows等。\n   - **GOARM**（仅针对ARM架构）：指定基于ARM架构的处理器版本。例如，5或6。\n3. **cgo专用的环境变量**：\n   - **CGO_ENABLED**：用于控制是否启用cgo功能。当设置为1时，启用cgo；当设置为0时，禁用cgo。cgo允许Go代码调用C代码。\n4. **其他环境变量**：\n   - **GOROOT**：指定Go语言的安装目录。这个环境变量通常由Go的安装程序自动设置。\n   - **GOMAXPROCS**：设置应用程序可使用的最大处理器核心数。默认值为CPU的核心数。\n   - **GOENV**（不常用）：用于指定存储Go环境配置文件的目录位置。通常，使用go env -w命令更改的默认值将记录在每个用户配置目录中。\n5. **查看和更改环境变量**：\n   - 可以通过运行go env命令来查看当前系统中所有的Go相关环境变量。\n   - 要查看某个特定环境变量的值，可以运行go env <NAME>命令，其中<NAME>是环境变量的名称。\n   - 要更改环境变量的值，可以运行go env -w <NAME>=<VALUE>命令。这将在每个用户配置目录中存储的Go环境配置文件中记录更改的默认值。\n\n请注意，以上列出的环境变量并不是Go语言支持的所有环境变量，但它们是开发过程中最为常用和重要的环境变量。如有需要，您还可以查阅Go语言的官方文档或相关书籍以获取更多信息。\n\n## Windows如何设置GOPATH\n\n在Windows上改变GOPATH环境变量，你可以通过几种不同的方式来实现。以下是几种常见的方法：\n\n### 方法一：临时设置（仅当前命令提示符窗口有效）\n\n在命令提示符（CMD）或PowerShell中，你可以临时为当前会话设置GOPATH环境变量：\n\n```\ncmd复制代码\n\n\n\nset GOPATH=C:\\path\\to\\your\\go\\workspace\n```\n\n这个设置只会影响当前打开的命令提示符窗口，如果你打开了一个新的窗口或者重启了电脑，GOPATH会恢复到之前的值。\n\n### 方法二：系统属性中设置（永久生效）\n\n1. 右键点击“此电脑”或“计算机”，选择“属性”。\n2. 点击“高级系统设置”。\n3. 在“高级”选项卡下，点击“环境变量”按钮。\n4. 在“系统变量”区域中，找到GOPATH变量并双击它，如果没有就点击“新建”创建一个新的变量。\n5. 在“变量值”字段中输入你的Go工作空间路径，例如C:\\path\\to\\your\\go\\workspace。\n6. 点击“确定”保存更改。\n\n这种方法会永久改变GOPATH环境变量，直到你再次修改它。\n\n### 方法三：使用PowerShell脚本设置（永久生效，需要管理员权限）\n\n你可以编写一个PowerShell脚本来设置环境变量，并通过管理员权限运行这个脚本来永久改变GOPATH。以下是一个示例脚本：\n\n```powershell\npowershell复制代码\n\n\n\n# 设置GOPATH环境变量  \n[Environment]::SetEnvironmentVariable(\"GOPATH\", \"C:\\path\\to\\your\\go\\workspace\", \"Machine\")  \n  \n# 提示用户环境变量已更改  \necho \"GOPATH环境变量已设置为：C:\\path\\to\\your\\go\\workspace\"\n```\n\n将上述代码保存为一个.ps1文件（例如set-gopath.ps1），然后右键点击这个文件，选择“使用PowerShell运行”，并确保以管理员身份运行。\n注意：在[Environment]::SetEnvironmentVariable方法中，第三个参数可以是\"Machine\"、\"User\"或\"Process\"。\"Machine\"表示设置系统环境变量，\"User\"表示设置用户环境变量，\"Process\"表示设置当前进程的环境变量（仅当前PowerShell会话有效）。\n\n### 方法四：在GoLand等IDE中设置\n\n如果你使用的是像GoLand这样的集成开发环境（IDE），你可以在IDE的设置中直接配置GOPATH。这样设置后，IDE会使用你指定的GOPATH路径，而不会影响系统的环境变量设置。\n\n### 验证设置\n\n设置完GOPATH后，你可以通过以下命令来验证它是否生效：\n\n```\ncmd复制代码\n\n\n\necho %GOPATH%\n```\n\n或者，在GoLand等IDE中，你可以查看项目的设置或配置来确认GOPATH的值。\n\n## go mod和gopath？\n\n在Go语言中，go mod的引入确实在很大程度上改变了包管理和依赖管理的方式，但它并不意味着完全不需要GOPATH环境变量了。以下是对这一问题的详细解释：\n\n1. **go mod的作用**：\n   - go mod是Go 1.11版本引入的模块依赖管理工具，它允许Go项目定义和管理自己的依赖关系，而无需依赖于全局的GOPATH或GOROOT。\n   - 每个使用go mod的项目都会在其根目录下生成一个go.mod文件，用于声明项目依赖的模块及其版本。\n   - 通过go mod，Go项目可以更加独立和明确地管理其依赖关系，从而更容易地进行版本控制和协作开发。\n2. **GOPATH的作用**：\n   - GOPATH是Go语言早期用于指定工作目录的环境变量，它包含了Go源码、二进制文件以及包缓存等多个目录。\n   - 在没有go mod之前，Go项目通常需要在GOPATH的src目录下创建，并使用GOPATH中的bin和pkg目录来存放编译后的二进制文件和包缓存。\n3. **go mod与GOPATH的关系**：\n   - 当Go项目使用go mod时，它不再严格依赖于GOPATH。项目可以在任何位置创建，而无需在GOPATH/src下。\n   - 然而，GOPATH仍然在某些情况下被使用，例如作为某些工具或脚本的默认工作目录，或者用于存放全局安装的Go包。\n   - 环境变量GO111MODULE用于控制是否启用go mod模式。当GO111MODULE设置为on时，Go命令将使用go mod模式，而忽略GOPATH。当设置为off时，则使用传统的GOPATH模式。如果设置为auto（默认值），则Go命令将根据当前目录是否存在go.mod文件来自动选择使用哪种模式。\n4. **总结**：\n   - 虽然go mod为Go项目提供了更加独立和明确的依赖管理方式，但GOPATH在某些情况下仍然被使用。\n   - 在大多数情况下，如果你正在使用go mod来管理你的项目依赖，那么你可能不需要特别设置或依赖GOPATH。但是，了解GOPATH的作用和用法仍然是有帮助的，特别是在处理一些与全局Go包或工具相关的任务时。\n\n因此，**有了go的mod，不一定需要gopath环境**。但在某些情况下，你可能仍然需要设置或使用GOPATH。\n\n## get和install？\n\n在Go语言的开发中，go get 和 go install 是两个不同的命令，它们各自有特定的用途和区别。\n\n### go get\n\ngo get 命令用于下载并安装指定的Go包及其依赖项。这个命令会执行以下操作：\n\n1. **下载包**：从指定的代码仓库（如GitHub、GitLab等）下载Go包。\n2. **构建包**：下载完成后，go get 会构建（编译）这个包，包括其所有的依赖项。\n3. **安装包**：构建成功后，go get 会将包安装到 $GOPATH/pkg（对于Go 1.11及之前的版本）或 $GOPATH/pkg/mod（对于使用Go模块的版本）下的相应位置。但请注意，这里的“安装”指的是将包的可执行文件或归档文件放在pkg目录下，而不是将包作为可执行命令安装到系统的可执行路径中。\n\n此外，go get 还可以用于更新包和依赖项到最新版本。\n\n### go install\n\ngo install 命令用于编译并安装Go程序或包。这个命令会执行以下操作：\n\n1. **构建包**：编译指定的Go程序或包，包括其所有的依赖项。\n2. **安装包**：构建成功后，go install 会将可执行文件安装到 $GOPATH/bin（对于Go 1.11及之前的版本）或系统的可执行路径中（对于使用Go模块并设置了GOBIN环境变量的版本）。这意味着你可以直接在命令行中运行这个可执行文件，而无需指定其完整路径。\n\n如果go install 用于一个包（而不是主程序），那么它会构建这个包，但不会生成可执行文件。相反，它会生成一个归档文件（如 .a 文件），并将其放在 $GOPATH/pkg 或 $GOPATH/pkg/mod 下的相应位置。\n\n### 区别\n\n- **用途**：go get 主要用于下载和构建Go包及其依赖项，而 go install 主要用于编译并安装Go程序或包。\n- **操作**：go get 会下载包，而 go install 不会。两者都会构建包，但 go install 还会安装可执行文件或归档文件。\n- **结果**：go get 将包安装在 $GOPATH/pkg 或 $GOPATH/pkg/mod 下，而 go install 将可执行文件安装在 $GOPATH/bin 或系统的可执行路径中。\n\n注意：从Go 1.11版本开始，Go引入了模块（module）的概念，并推荐使用模块来管理项目依赖。在这种情况下，go get 和 go install 的行为可能会略有不同，特别是与 $GOPATH 和 $GOBIN 环境变量的交互方式。但是，它们的基本用途和操作仍然保持不变。 <div class=\"toc\"><ul><li><a href=\"#toc_ask_2\">ask</a><ul><li><a href=\"#toc_Go_4\">Go有关的所有环境变量</a></li><li><a href=\"#toc_WindowsGOPATH_29\">Windows如何设置GOPATH</a><ul><li><a href=\"#toc__33\">方法一：临时设置（仅当前命令提示符窗口有效）</a></li><li><a href=\"#toc__47\">方法二：系统属性中设置（永久生效）</a></li><li><a href=\"#toc_PowerShell_58\">方法三：使用PowerShell脚本设置（永久生效，需要管理员权限）</a></li><li><a href=\"#toc_GoLandIDE_77\">方法四：在GoLand等IDE中设置</a></li><li><a href=\"#toc__81\">验证设置</a></li></ul></li><li><a href=\"#toc_go_modgopath_95\">go mod和gopath？</a></li><li><a href=\"#toc_getinstall_116\">get和install？</a><ul><li><a href=\"#toc_go_get_120\">go get</a></li><li><a href=\"#toc_go_install_130\">go install</a></li><li><a href=\"#toc__139\">区别</a></li></ul></li></ul></li></ul></div><p>Go的环境与模块非常重要</p>\n<h1><a id=\"toc_ask_2\"></a>ask</h1>\n<h2><a id=\"toc_Go_4\"></a>Go有关的所有环境变量</h2>\n<p>与Go语言相关的环境变量在Go的开发和运行过程中扮演着重要的角色。以下是Go语言中的一些重要环境变量，以及它们的简要说明：</p>\n<ol>\n<li><strong>通用环境变量</strong>：\n<ul>\n<li><strong>GOPATH</strong>：用于指定Go语言的工作空间目录。在此目录下，通常包含三个子目录：src（源代码）、pkg（编译后生成的包文件）和bin（可执行文件）。从Go 1.11版本开始，虽然GOPATH仍然被支持，但Go引入了模块（Modules）的概念，使得项目可以更加独立和灵活地管理依赖。</li>\n<li><strong>GOBIN</strong>：指定编译后生成的可执行文件的安装目录。默认情况下，其值为$GOPATH/bin。</li>\n<li><strong>GO111MODULE</strong>：用于控制Go的运行模式。当设置为on时，Go将使用模块模式，允许项目使用go.mod和go.sum文件来管理依赖。当设置为off时，Go将使用传统的GOPATH模式。如果未设置或为空，则默认为auto，Go会根据项目是否包含go.mod文件来决定使用哪种模式。</li>\n</ul>\n</li>\n<li><strong>系统架构相关的环境变量</strong>：\n<ul>\n<li><strong>GOARCH</strong>：指定目标机器的处理器架构。例如，amd64、386、arm等。</li>\n<li><strong>GOOS</strong>：指定目标机器的操作系统。例如，linux、darwin（Mac OS）、windows等。</li>\n<li><strong>GOARM</strong>（仅针对ARM架构）：指定基于ARM架构的处理器版本。例如，5或6。</li>\n</ul>\n</li>\n<li><strong>cgo专用的环境变量</strong>：\n<ul>\n<li><strong>CGO_ENABLED</strong>：用于控制是否启用cgo功能。当设置为1时，启用cgo；当设置为0时，禁用cgo。cgo允许Go代码调用C代码。</li>\n</ul>\n</li>\n<li><strong>其他环境变量</strong>：\n<ul>\n<li><strong>GOROOT</strong>：指定Go语言的安装目录。这个环境变量通常由Go的安装程序自动设置。</li>\n<li><strong>GOMAXPROCS</strong>：设置应用程序可使用的最大处理器核心数。默认值为CPU的核心数。</li>\n<li><strong>GOENV</strong>（不常用）：用于指定存储Go环境配置文件的目录位置。通常，使用go env -w命令更改的默认值将记录在每个用户配置目录中。</li>\n</ul>\n</li>\n<li><strong>查看和更改环境变量</strong>：\n<ul>\n<li>可以通过运行go env命令来查看当前系统中所有的Go相关环境变量。</li>\n<li>要查看某个特定环境变量的值，可以运行go env &lt;NAME&gt;命令，其中&lt;NAME&gt;是环境变量的名称。</li>\n<li>要更改环境变量的值，可以运行go env -w &lt;NAME&gt;=&lt;VALUE&gt;命令。这将在每个用户配置目录中存储的Go环境配置文件中记录更改的默认值。</li>\n</ul>\n</li>\n</ol>\n<p>请注意，以上列出的环境变量并不是Go语言支持的所有环境变量，但它们是开发过程中最为常用和重要的环境变量。如有需要，您还可以查阅Go语言的官方文档或相关书籍以获取更多信息。</p>\n<h2><a id=\"toc_WindowsGOPATH_29\"></a>Windows如何设置GOPATH</h2>\n<p>在Windows上改变GOPATH环境变量，你可以通过几种不同的方式来实现。以下是几种常见的方法：</p>\n<h3><a id=\"toc__33\"></a>方法一：临时设置（仅当前命令提示符窗口有效）</h3>\n<p>在命令提示符（CMD）或PowerShell中，你可以临时为当前会话设置GOPATH环境变量：</p>\n<pre><code class=\"lang-\">cmd复制代码\n\n\n\nset GOPATH=C:\\path\\to\\your\\go\\workspace\n</code></pre>\n<p>这个设置只会影响当前打开的命令提示符窗口，如果你打开了一个新的窗口或者重启了电脑，GOPATH会恢复到之前的值。</p>\n<h3><a id=\"toc__47\"></a>方法二：系统属性中设置（永久生效）</h3>\n<ol>\n<li>右键点击“此电脑”或“计算机”，选择“属性”。</li>\n<li>点击“高级系统设置”。</li>\n<li>在“高级”选项卡下，点击“环境变量”按钮。</li>\n<li>在“系统变量”区域中，找到GOPATH变量并双击它，如果没有就点击“新建”创建一个新的变量。</li>\n<li>在“变量值”字段中输入你的Go工作空间路径，例如C:\\path\\to\\your\\go\\workspace。</li>\n<li>点击“确定”保存更改。</li>\n</ol>\n<p>这种方法会永久改变GOPATH环境变量，直到你再次修改它。</p>\n<h3><a id=\"toc_PowerShell_58\"></a>方法三：使用PowerShell脚本设置（永久生效，需要管理员权限）</h3>\n<p>你可以编写一个PowerShell脚本来设置环境变量，并通过管理员权限运行这个脚本来永久改变GOPATH。以下是一个示例脚本：</p>\n<pre><div class=\"hljs\"><code class=\"lang-powershell\">powershell复制代码\n\n\n\n<span class=\"hljs-comment\"># 设置GOPATH环境变量  </span>\n[<span class=\"hljs-type\">Environment</span>]::SetEnvironmentVariable(<span class=\"hljs-string\">&quot;GOPATH&quot;</span>, <span class=\"hljs-string\">&quot;C:\\path\\to\\your\\go\\workspace&quot;</span>, <span class=\"hljs-string\">&quot;Machine&quot;</span>)  \n  \n<span class=\"hljs-comment\"># 提示用户环境变量已更改  </span>\n<span class=\"hljs-built_in\">echo</span> <span class=\"hljs-string\">&quot;GOPATH环境变量已设置为：C:\\path\\to\\your\\go\\workspace&quot;</span>\n</code></div></pre>\n<p>将上述代码保存为一个.ps1文件（例如set-gopath.ps1），然后右键点击这个文件，选择“使用PowerShell运行”，并确保以管理员身份运行。<br />\n注意：在[Environment]::SetEnvironmentVariable方法中，第三个参数可以是&quot;Machine&quot;、“User&quot;或&quot;Process”。&quot;Machine&quot;表示设置系统环境变量，&quot;User&quot;表示设置用户环境变量，&quot;Process&quot;表示设置当前进程的环境变量（仅当前PowerShell会话有效）。</p>\n<h3><a id=\"toc_GoLandIDE_77\"></a>方法四：在GoLand等IDE中设置</h3>\n<p>如果你使用的是像GoLand这样的集成开发环境（IDE），你可以在IDE的设置中直接配置GOPATH。这样设置后，IDE会使用你指定的GOPATH路径，而不会影响系统的环境变量设置。</p>\n<h3><a id=\"toc__81\"></a>验证设置</h3>\n<p>设置完GOPATH后，你可以通过以下命令来验证它是否生效：</p>\n<pre><code class=\"lang-\">cmd复制代码\n\n\n\necho %GOPATH%\n</code></pre>\n<p>或者，在GoLand等IDE中，你可以查看项目的设置或配置来确认GOPATH的值。</p>\n<h2><a id=\"toc_go_modgopath_95\"></a>go mod和gopath？</h2>\n<p>在Go语言中，go mod的引入确实在很大程度上改变了包管理和依赖管理的方式，但它并不意味着完全不需要GOPATH环境变量了。以下是对这一问题的详细解释：</p>\n<ol>\n<li><strong>go mod的作用</strong>：\n<ul>\n<li>go mod是Go 1.11版本引入的模块依赖管理工具，它允许Go项目定义和管理自己的依赖关系，而无需依赖于全局的GOPATH或GOROOT。</li>\n<li>每个使用go mod的项目都会在其根目录下生成一个go.mod文件，用于声明项目依赖的模块及其版本。</li>\n<li>通过go mod，Go项目可以更加独立和明确地管理其依赖关系，从而更容易地进行版本控制和协作开发。</li>\n</ul>\n</li>\n<li><strong>GOPATH的作用</strong>：\n<ul>\n<li>GOPATH是Go语言早期用于指定工作目录的环境变量，它包含了Go源码、二进制文件以及包缓存等多个目录。</li>\n<li>在没有go mod之前，Go项目通常需要在GOPATH的src目录下创建，并使用GOPATH中的bin和pkg目录来存放编译后的二进制文件和包缓存。</li>\n</ul>\n</li>\n<li><strong>go mod与GOPATH的关系</strong>：\n<ul>\n<li>当Go项目使用go mod时，它不再严格依赖于GOPATH。项目可以在任何位置创建，而无需在GOPATH/src下。</li>\n<li>然而，GOPATH仍然在某些情况下被使用，例如作为某些工具或脚本的默认工作目录，或者用于存放全局安装的Go包。</li>\n<li>环境变量GO111MODULE用于控制是否启用go mod模式。当GO111MODULE设置为on时，Go命令将使用go mod模式，而忽略GOPATH。当设置为off时，则使用传统的GOPATH模式。如果设置为auto（默认值），则Go命令将根据当前目录是否存在go.mod文件来自动选择使用哪种模式。</li>\n</ul>\n</li>\n<li><strong>总结</strong>：\n<ul>\n<li>虽然go mod为Go项目提供了更加独立和明确的依赖管理方式，但GOPATH在某些情况下仍然被使用。</li>\n<li>在大多数情况下，如果你正在使用go mod来管理你的项目依赖，那么你可能不需要特别设置或依赖GOPATH。但是，了解GOPATH的作用和用法仍然是有帮助的，特别是在处理一些与全局Go包或工具相关的任务时。</li>\n</ul>\n</li>\n</ol>\n<p>因此，<strong>有了go的mod，不一定需要gopath环境</strong>。但在某些情况下，你可能仍然需要设置或使用GOPATH。</p>\n<h2><a id=\"toc_getinstall_116\"></a>get和install？</h2>\n<p>在Go语言的开发中，go get 和 go install 是两个不同的命令，它们各自有特定的用途和区别。</p>\n<h3><a id=\"toc_go_get_120\"></a>go get</h3>\n<p>go get 命令用于下载并安装指定的Go包及其依赖项。这个命令会执行以下操作：</p>\n<ol>\n<li><strong>下载包</strong>：从指定的代码仓库（如GitHub、GitLab等）下载Go包。</li>\n<li><strong>构建包</strong>：下载完成后，go get 会构建（编译）这个包，包括其所有的依赖项。</li>\n<li><strong>安装包</strong>：构建成功后，go get 会将包安装到 $GOPATH/pkg（对于Go 1.11及之前的版本）或 $GOPATH/pkg/mod（对于使用Go模块的版本）下的相应位置。但请注意，这里的“安装”指的是将包的可执行文件或归档文件放在pkg目录下，而不是将包作为可执行命令安装到系统的可执行路径中。</li>\n</ol>\n<p>此外，go get 还可以用于更新包和依赖项到最新版本。</p>\n<h3><a id=\"toc_go_install_130\"></a>go install</h3>\n<p>go install 命令用于编译并安装Go程序或包。这个命令会执行以下操作：</p>\n<ol>\n<li><strong>构建包</strong>：编译指定的Go程序或包，包括其所有的依赖项。</li>\n<li><strong>安装包</strong>：构建成功后，go install 会将可执行文件安装到 $GOPATH/bin（对于Go 1.11及之前的版本）或系统的可执行路径中（对于使用Go模块并设置了GOBIN环境变量的版本）。这意味着你可以直接在命令行中运行这个可执行文件，而无需指定其完整路径。</li>\n</ol>\n<p>如果go install 用于一个包（而不是主程序），那么它会构建这个包，但不会生成可执行文件。相反，它会生成一个归档文件（如 .a 文件），并将其放在 $GOPATH/pkg 或 $GOPATH/pkg/mod 下的相应位置。</p>\n<h3><a id=\"toc__139\"></a>区别</h3>\n<ul>\n<li><strong>用途</strong>：go get 主要用于下载和构建Go包及其依赖项，而 go install 主要用于编译并安装Go程序或包。</li>\n<li><strong>操作</strong>：go get 会下载包，而 go install 不会。两者都会构建包，但 go install 还会安装可执行文件或归档文件。</li>\n<li><strong>结果</strong>：go get 将包安装在 $GOPATH/pkg 或 $GOPATH/pkg/mod 下，而 go install 将可执行文件安装在 $GOPATH/bin 或系统的可执行路径中。</li>\n</ul>\n<p>注意：从Go 1.11版本开始，Go引入了模块（module）的概念，并推荐使用模块来管理项目依赖。在这种情况下，go get 和 go install 的行为可能会略有不同，特别是与 $GOPATH 和 $GOBIN 环境变量的交互方式。但是，它们的基本用途和操作仍然保持不变。</p>\n false 1718452976625 1718452976625] - 9.4668ms"
time=2024-06-15T20:02:56.637 level=INF caller=echo ip=127.0.0.1 POST=/api/post/add span=13.7646ms
time=2024-06-15T20:02:59.573 level=INF caller=xorm msg="[SQL] SELECT `id`, `title`, `path`, `created`, `summary` FROM `post` WHERE (kind = ?) ORDER BY `id` DESC LIMIT 6 [1] - 617.8µs"
time=2024-06-15T20:02:59.574 level=INF caller=xorm msg="[SQL] SELECT count(*) FROM `post` WHERE (kind = ?) [1]"
time=2024-06-15T20:02:59.583 level=INF caller=echo ip=::1 GET=/ span=10.6514ms
time=2024-06-15T20:03:02.140 level=INF caller=xorm msg="[SQL] SELECT `id`, `title`, `path`, `created` FROM `post` WHERE (kind = ?) AND (status = ?) ORDER BY `id` DESC [1 2]"
time=2024-06-15T20:03:02.144 level=INF caller=echo ip=::1 GET=/archives span=10.4379ms
time=2024-06-15T20:03:04.521 level=INF caller=xorm msg="[SQL] SELECT `id`, `title`, `path`, `created`, `summary` FROM `post` WHERE (kind = ?) ORDER BY `id` DESC LIMIT 6 [1]"
time=2024-06-15T20:03:04.521 level=INF caller=xorm msg="[SQL] SELECT count(*) FROM `post` WHERE (kind = ?) [1] - 510.4µs"
time=2024-06-15T20:03:04.523 level=INF caller=echo ip=::1 GET=/ span=3.3567ms
time=2024-06-15T20:03:06.699 level=INF caller=xorm msg="[SQL] SELECT `id`, `cate_id`, `kind`, `status`, `title`, `path`, `summary`, `markdown`, `richtext`, `allow`, `updated`, `created` FROM `post` WHERE `kind`=? AND `path`=? LIMIT 1 [1 gopath] - 519.6µs"
time=2024-06-15T20:03:06.699 level=INF caller=xorm msg="[SQL] SELECT `id`, `cate_id`, `kind`, `status`, `title`, `path`, `summary`, `markdown`, `richtext`, `allow`, `updated`, `created` FROM `post` WHERE (kind = ? and status = ? and created >?) ORDER BY `created` ASC LIMIT 1 [1 2 1718452976625]"
time=2024-06-15T20:03:06.699 level=INF caller=xorm msg="[SQL] SELECT `id`, `cate_id`, `kind`, `status`, `title`, `path`, `summary`, `markdown`, `richtext`, `allow`, `updated`, `created` FROM `post` WHERE (kind = ? and status = ? and created <?) ORDER BY `created` DESC LIMIT 1 [1 2 1718452976625]"
time=2024-06-15T20:03:06.706 level=INF caller=echo ip=::1 GET=/posts/gopath.html span=12.0556ms
time=2024-06-15T20:08:22.041 level=INF caller=D:/root/code/goblog/test.go:66 msg="app quitted"
time=2024-06-15T20:09:03.571 level=INF trace=fc05079f caller=D:/root/code/goblog/test.go:36 msg="app initializing"
time=2024-06-15T20:09:03.572 level=INF trace=fc05079f caller=D:/root/code/goblog/internal/repo/repo.go:35 msg="use db :sqlite"
time=2024-06-15T20:09:03.572 level=INF trace=fc05079f caller=D:/root/code/goblog/internal/repo/repo.go:37 msg="orm hijack log :true"
time=2024-06-15T20:09:03.572 level=INF caller=xorm msg="PING DATABASE sqlite"
time=2024-06-15T20:09:03.573 level=INF trace=fc05079f caller=D:/root/code/goblog/internal/repo/repo.go:51 msg="show sql true"
time=2024-06-15T20:09:03.573 level=INF trace=fc05079f caller=D:/root/code/goblog/internal/repo/repo.go:53 msg="use cache true"
time=2024-06-15T20:09:03.573 level=INF caller=xorm msg="[SQL] SELECT name FROM sqlite_master WHERE type='table' [] - 528.6µs"
time=2024-06-15T20:09:03.574 level=INF caller=xorm msg="[SQL] SELECT sql FROM sqlite_master WHERE type='table' and name = ? [tag] - 541µs"
time=2024-06-15T20:09:03.574 level=INF caller=xorm msg="[SQL] SELECT sql FROM sqlite_master WHERE type='index' and tbl_name = ? [tag]"
time=2024-06-15T20:09:03.574 level=INF caller=xorm msg="[SQL] SELECT sql FROM sqlite_master WHERE type='table' and name = ? [cate]"
time=2024-06-15T20:09:03.574 level=INF caller=xorm msg="[SQL] SELECT sql FROM sqlite_master WHERE type='index' and tbl_name = ? [cate] - 521.2µs"
time=2024-06-15T20:09:03.574 level=INF caller=xorm msg="[SQL] SELECT sql FROM sqlite_master WHERE type='table' and name = ? [post]"
time=2024-06-15T20:09:03.574 level=INF caller=xorm msg="[SQL] SELECT sql FROM sqlite_master WHERE type='index' and tbl_name = ? [post]"
time=2024-06-15T20:09:03.574 level=WRN caller=xorm msg="Table post Column kind db default is 1, struct default is "
time=2024-06-15T20:09:03.574 level=WRN caller=xorm msg="Table post Column kind db nullable is false, struct nullable is true"
time=2024-06-15T20:09:03.575 level=INF caller=xorm msg="[SQL] SELECT sql FROM sqlite_master WHERE type='table' and name = ? [post_tag] - 613.8µs"
time=2024-06-15T20:09:03.575 level=INF caller=xorm msg="[SQL] SELECT sql FROM sqlite_master WHERE type='index' and tbl_name = ? [post_tag]"
time=2024-06-15T20:09:03.575 level=INF caller=xorm msg="[SQL] SELECT sql FROM sqlite_master WHERE type='table' and name = ? [dict]"
time=2024-06-15T20:09:03.575 level=INF caller=xorm msg="[SQL] SELECT sql FROM sqlite_master WHERE type='index' and tbl_name = ? [dict]"
time=2024-06-15T20:09:03.576 level=INF caller=xorm msg="[SQL] SELECT sql FROM sqlite_master WHERE type='table' and name = ? [role]"
time=2024-06-15T20:09:03.576 level=INF caller=xorm msg="[SQL] SELECT sql FROM sqlite_master WHERE type='index' and tbl_name = ? [role]"
time=2024-06-15T20:09:03.576 level=INF caller=xorm msg="[SQL] SELECT sql FROM sqlite_master WHERE type='table' and name = ? [grant]"
time=2024-06-15T20:09:03.576 level=INF caller=xorm msg="[SQL] SELECT sql FROM sqlite_master WHERE type='index' and tbl_name = ? [grant]"
time=2024-06-15T20:09:03.576 level=INF caller=xorm msg="[SQL] SELECT sql FROM sqlite_master WHERE type='table' and name = ? [admin] - 64.6µs"
time=2024-06-15T20:09:03.576 level=INF caller=xorm msg="[SQL] SELECT sql FROM sqlite_master WHERE type='index' and tbl_name = ? [admin]"
time=2024-06-15T20:09:03.576 level=INF caller=xorm msg="[SQL] SELECT sql FROM sqlite_master WHERE type='table' and name = ? [role_grant]"
time=2024-06-15T20:09:03.577 level=INF caller=xorm msg="[SQL] SELECT sql FROM sqlite_master WHERE type='index' and tbl_name = ? [role_grant]"
time=2024-06-15T20:09:03.577 level=INF caller=xorm msg="[SQL] SELECT `key`, `value`, `kind`, `inner`, `intro`, `updated`, `created` FROM `dict` WHERE `key`=? LIMIT 1 [basic]"
time=2024-06-15T20:09:03.577 level=INF caller=D:/root/code/goblog/internal/repo/ker_repo.go:37 msg="basic cache"
time=2024-06-15T20:09:03.577 level=INF caller=xorm msg="[SQL] SELECT `key`, `value`, `kind`, `inner`, `intro`, `updated`, `created` FROM `dict` WHERE `key`=? LIMIT 1 [blog]"
time=2024-06-15T20:09:03.577 level=INF caller=D:/root/code/goblog/internal/repo/ker_repo.go:61 msg="blog cache"
time=2024-06-15T20:09:03.577 level=INF trace=fc05079f caller=D:/root/code/goblog/internal/repo/repo.go:80 msg="model init"
time=2024-06-15T20:09:03.577 level=INF caller=D:/root/code/goblog/test.go:42 msg="app running"
time=2024-06-15T20:09:35.905 level=INF caller=xorm msg="[SQL] SELECT `id`, `title`, `path`, `created` FROM `post` WHERE (kind = ?) AND (status = ?) ORDER BY `id` DESC [1 2] - 7.1203ms"
time=2024-06-15T20:09:35.911 level=INF caller=echo ip=::1 GET=/archives span=12.2337ms
time=2024-06-15T20:09:38.273 level=INF caller=xorm msg="[SQL] SELECT `id`, `cate_id`, `kind`, `status`, `title`, `path`, `summary`, `markdown`, `richtext`, `allow`, `updated`, `created` FROM `post` WHERE `kind`=? AND `path`=? LIMIT 1 [2 about]"
time=2024-06-15T20:09:38.277 level=INF caller=echo ip=::1 GET=/about span=4.5958ms
time=2024-06-15T20:09:40.547 level=INF caller=xorm msg="[SQL] SELECT `id`, `cate_id`, `kind`, `status`, `title`, `path`, `summary`, `markdown`, `richtext`, `allow`, `updated`, `created` FROM `post` WHERE `kind`=? AND `path`=? LIMIT 1 [2 links]"
time=2024-06-15T20:09:40.551 level=INF caller=echo ip=::1 GET=/links span=4.2772ms
time=2024-06-15T20:09:44.708 level=INF caller=xorm msg="[SQL] SELECT `id`, `cate_id`, `kind`, `status`, `title`, `path`, `summary`, `markdown`, `richtext`, `allow`, `updated`, `created` FROM `post` WHERE `kind`=? AND `path`=? LIMIT 1 [2 about]"
time=2024-06-15T20:09:44.718 level=INF caller=echo ip=::1 GET=/about span=10.8928ms
time=2024-06-15T20:09:46.464 level=INF caller=xorm msg="[SQL] SELECT `id`, `cate_id`, `kind`, `status`, `title`, `path`, `summary`, `markdown`, `richtext`, `allow`, `updated`, `created` FROM `post` WHERE `kind`=? AND `path`=? LIMIT 1 [2 links]"
time=2024-06-15T20:09:46.466 level=INF caller=echo ip=::1 GET=/links span=2.947ms
time=2024-06-15T20:09:46.943 level=INF caller=xorm msg="[SQL] SELECT `id`, `cate_id`, `kind`, `status`, `title`, `path`, `summary`, `markdown`, `richtext`, `allow`, `updated`, `created` FROM `post` WHERE `kind`=? AND `path`=? LIMIT 1 [2 about] - 402µs"
time=2024-06-15T20:09:46.946 level=INF caller=echo ip=::1 GET=/about span=3.1167ms
time=2024-06-15T20:09:50.241 level=INF caller=xorm msg="[SQL] SELECT `id`, `cate_id`, `kind`, `status`, `title`, `path`, `summary`, `markdown`, `richtext`, `allow`, `updated`, `created` FROM `post` WHERE `kind`=? AND `path`=? LIMIT 1 [2 links]"
time=2024-06-15T20:09:50.244 level=INF caller=echo ip=::1 GET=/links span=2.7104ms
time=2024-06-15T20:09:51.742 level=INF caller=xorm msg="[SQL] SELECT `id`, `cate_id`, `kind`, `status`, `title`, `path`, `summary`, `markdown`, `richtext`, `allow`, `updated`, `created` FROM `post` WHERE `kind`=? AND `path`=? LIMIT 1 [2 about] - 229.8µs"
time=2024-06-15T20:09:51.745 level=INF caller=echo ip=::1 GET=/about span=2.9639ms
time=2024-06-15T20:09:52.161 level=INF caller=xorm msg="[SQL] SELECT `id`, `title`, `path`, `created` FROM `post` WHERE (kind = ?) AND (status = ?) ORDER BY `id` DESC [1 2] - 220.5µs"
time=2024-06-15T20:09:52.164 level=INF caller=echo ip=::1 GET=/archives span=3.3626ms
time=2024-06-15T20:09:57.776 level=INF caller=xorm msg="[SQL] SELECT `id`, `title`, `path`, `created`, `summary` FROM `post` WHERE (kind = ?) ORDER BY `id` DESC LIMIT 6 [1] - 340µs"
time=2024-06-15T20:09:57.776 level=INF caller=xorm msg="[SQL] SELECT count(*) FROM `post` WHERE (kind = ?) [1]"
time=2024-06-15T20:09:57.780 level=INF caller=echo ip=::1 GET=/ span=3.8242ms
time=2024-06-15T20:10:12.994 level=INF caller=D:/root/code/goblog/test.go:66 msg="app quitted"
time=2024-06-15T20:12:40.511 level=INF trace=4dca9518 caller=D:/root/code/goblog/main.go:21 msg="app initializing"
time=2024-06-15T20:12:40.512 level=INF trace=4dca9518 caller=D:/root/code/goblog/internal/repo/repo.go:35 msg="use db :sqlite"
time=2024-06-15T20:12:40.512 level=INF trace=4dca9518 caller=D:/root/code/goblog/internal/repo/repo.go:37 msg="orm hijack log :true"
time=2024-06-15T20:12:40.512 level=INF caller=xorm msg="PING DATABASE sqlite"
time=2024-06-15T20:12:40.513 level=INF trace=4dca9518 caller=D:/root/code/goblog/internal/repo/repo.go:51 msg="show sql true"
time=2024-06-15T20:12:40.513 level=INF trace=4dca9518 caller=D:/root/code/goblog/internal/repo/repo.go:53 msg="use cache true"
time=2024-06-15T20:12:40.514 level=INF caller=xorm msg="[SQL] SELECT name FROM sqlite_master WHERE type='table' [] - 552.7µs"
time=2024-06-15T20:12:40.514 level=INF caller=xorm msg="[SQL] SELECT sql FROM sqlite_master WHERE type='table' and name = ? [tag]"
time=2024-06-15T20:12:40.514 level=INF caller=xorm msg="[SQL] SELECT sql FROM sqlite_master WHERE type='index' and tbl_name = ? [tag]"
time=2024-06-15T20:12:40.514 level=INF caller=xorm msg="[SQL] SELECT sql FROM sqlite_master WHERE type='table' and name = ? [cate]"
time=2024-06-15T20:12:40.515 level=INF caller=xorm msg="[SQL] SELECT sql FROM sqlite_master WHERE type='index' and tbl_name = ? [cate]"
time=2024-06-15T20:12:40.515 level=INF caller=xorm msg="[SQL] SELECT sql FROM sqlite_master WHERE type='table' and name = ? [post]"
time=2024-06-15T20:12:40.515 level=INF caller=xorm msg="[SQL] SELECT sql FROM sqlite_master WHERE type='index' and tbl_name = ? [post]"
time=2024-06-15T20:12:40.515 level=WRN caller=xorm msg="Table post Column kind db default is 1, struct default is "
time=2024-06-15T20:12:40.515 level=WRN caller=xorm msg="Table post Column kind db nullable is false, struct nullable is true"
time=2024-06-15T20:12:40.515 level=INF caller=xorm msg="[SQL] SELECT sql FROM sqlite_master WHERE type='table' and name = ? [post_tag]"
time=2024-06-15T20:12:40.515 level=INF caller=xorm msg="[SQL] SELECT sql FROM sqlite_master WHERE type='index' and tbl_name = ? [post_tag]"
time=2024-06-15T20:12:40.515 level=INF caller=xorm msg="[SQL] SELECT sql FROM sqlite_master WHERE type='table' and name = ? [dict]"
time=2024-06-15T20:12:40.515 level=INF caller=xorm msg="[SQL] SELECT sql FROM sqlite_master WHERE type='index' and tbl_name = ? [dict]"
time=2024-06-15T20:12:40.515 level=INF caller=xorm msg="[SQL] SELECT sql FROM sqlite_master WHERE type='table' and name = ? [role]"
time=2024-06-15T20:12:40.515 level=INF caller=xorm msg="[SQL] SELECT sql FROM sqlite_master WHERE type='index' and tbl_name = ? [role]"
time=2024-06-15T20:12:40.517 level=INF caller=xorm msg="[SQL] SELECT sql FROM sqlite_master WHERE type='table' and name = ? [grant]"
time=2024-06-15T20:12:40.517 level=INF caller=xorm msg="[SQL] SELECT sql FROM sqlite_master WHERE type='index' and tbl_name = ? [grant]"
time=2024-06-15T20:12:40.517 level=INF caller=xorm msg="[SQL] SELECT sql FROM sqlite_master WHERE type='table' and name = ? [admin]"
time=2024-06-15T20:12:40.517 level=INF caller=xorm msg="[SQL] SELECT sql FROM sqlite_master WHERE type='index' and tbl_name = ? [admin]"
time=2024-06-15T20:12:40.517 level=INF caller=xorm msg="[SQL] SELECT sql FROM sqlite_master WHERE type='table' and name = ? [role_grant]"
time=2024-06-15T20:12:40.517 level=INF caller=xorm msg="[SQL] SELECT sql FROM sqlite_master WHERE type='index' and tbl_name = ? [role_grant]"
time=2024-06-15T20:12:40.517 level=INF caller=xorm msg="[SQL] SELECT `key`, `value`, `kind`, `inner`, `intro`, `updated`, `created` FROM `dict` WHERE `key`=? LIMIT 1 [basic]"
time=2024-06-15T20:12:40.517 level=INF caller=D:/root/code/goblog/internal/repo/ker_repo.go:37 msg="basic cache"
time=2024-06-15T20:12:40.517 level=INF caller=xorm msg="[SQL] SELECT `key`, `value`, `kind`, `inner`, `intro`, `updated`, `created` FROM `dict` WHERE `key`=? LIMIT 1 [blog]"
time=2024-06-15T20:12:40.517 level=INF caller=D:/root/code/goblog/internal/repo/ker_repo.go:61 msg="blog cache"
time=2024-06-15T20:12:40.517 level=INF trace=4dca9518 caller=D:/root/code/goblog/internal/repo/repo.go:80 msg="model init"
time=2024-06-15T20:12:40.517 level=INF caller=D:/root/code/goblog/main.go:27 msg="app running"
time=2024-06-15T20:12:43.978 level=INF caller=xorm msg="[SQL] SELECT `id`, `title`, `path`, `created`, `summary` FROM `post` WHERE (kind = ?) ORDER BY `id` DESC LIMIT 6 [1] - 536.2µs"
time=2024-06-15T20:12:43.979 level=INF caller=xorm msg="[SQL] SELECT count(*) FROM `post` WHERE (kind = ?) [1] - 523.3µs"
time=2024-06-15T20:12:43.982 level=INF caller=echo ip=::1 GET=/ span=4.7999ms
time=2024-06-15T20:12:45.056 level=INF caller=xorm msg="[SQL] SELECT `id`, `title`, `path`, `created`, `summary` FROM `post` WHERE (kind = ?) ORDER BY `id` DESC LIMIT 6 [1] - 12.0697ms"
time=2024-06-15T20:12:45.056 level=INF caller=xorm msg="[SQL] SELECT count(*) FROM `post` WHERE (kind = ?) [1]"
time=2024-06-15T20:12:45.060 level=INF caller=echo ip=::1 GET=/ span=15.3699ms
time=2024-06-15T20:12:55.068 level=INF caller=xorm msg="[SQL] SELECT `id`, `guid`, `name`, `group`, `routes`, `sort`, `inner`, `updated`, `created` FROM `grant` [] - 550.1µs"
time=2024-06-15T20:12:55.071 level=INF caller=echo ip=127.0.0.1 GET=/api/auth/grant span=3.8636ms
time=2024-06-15T20:12:55.952 level=INF caller=xorm msg="[SQL] SELECT `id`, `num`, `name`, `passwd`, `avatar`, `salt`, `phone`, `email`, `role_id`, `updated`, `created` FROM `admin` WHERE `id`=? LIMIT 1 [1] - 13.0952ms"
time=2024-06-15T20:12:55.953 level=INF caller=echo ip=127.0.0.1 GET=/api/auth/get span=13.6338ms
time=2024-06-15T20:12:55.958 level=INF caller=xorm msg="[SQL] SELECT `key`, `value`, `kind`, `inner`, `intro`, `updated`, `created` FROM `dict` WHERE `key`=? LIMIT 1 [basic] - 1.6004ms"
time=2024-06-15T20:12:55.958 level=INF caller=echo ip=127.0.0.1 GET=/api/dict/basic span=1.6004ms
time=2024-06-15T20:12:55.958 level=INF caller=xorm msg="[SQL] SELECT `id`, `kind`, `name`, `intro`, `color` FROM `cate` [] - 3.2731ms"
time=2024-06-15T20:12:55.958 level=INF caller=xorm msg="[SQL] SELECT `id`, `kind`, `name`, `intro`, `color` FROM `cate` [] - 1.6004ms"
time=2024-06-15T20:12:55.958 level=INF caller=echo ip=127.0.0.1 GET=/api/cate/list span=1.6004ms
time=2024-06-15T20:12:55.958 level=INF caller=echo ip=127.0.0.1 GET=/api/cate/list?kind=0 span=3.9052ms
time=2024-06-15T20:12:56.010 level=INF caller=xorm msg="[SQL] SELECT `id`, `kind`, `status`, `title`, `path`, `summary`, `updated`, `created` FROM `post` ORDER BY `id` DESC LIMIT 12 [] - 558.7µs"
time=2024-06-15T20:12:56.017 level=INF caller=xorm msg="[SQL] SELECT count(*) FROM `post` [] - 6.3431ms"
time=2024-06-15T20:12:56.017 level=INF caller=echo ip=127.0.0.1 GET=/api/post/page?kind=0&cate_id=0&mult=&pi=1&ps=12 span=6.9018ms
time=2024-06-15T20:12:57.514 level=INF caller=xorm msg="[SQL] SELECT `id`, `title`, `path`, `created`, `summary` FROM `post` WHERE (kind = ?) ORDER BY `id` DESC LIMIT 6 [1]"
time=2024-06-15T20:12:57.514 level=INF caller=xorm msg="[SQL] SELECT count(*) FROM `post` WHERE (kind = ?) [1] - 506.4µs"
time=2024-06-15T20:12:57.517 level=INF caller=echo ip=::1 GET=/ span=14.9767ms
time=2024-06-15T20:12:57.536 level=INF caller=echo ip=::1 GET=/static/css/app.css span=2.2974ms
time=2024-06-15T20:12:57.538 level=INF caller=echo ip=::1 GET=/static/upload/202405/0723jxbuq5ea4pfwaw.jpg span=677.4µs
time=2024-06-15T20:12:57.538 level=INF caller=echo ip=::1 GET=/static/js/app.js span=505.1µs
time=2024-06-15T20:12:57.633 level=INF caller=echo ip=::1 GET=/static/font/iconfont.ttf span=1.0831ms
time=2024-06-15T20:12:57.688 level=INF caller=echo ip=::1 GET=/static/bg.jpg span=109.1035ms
time=2024-06-15T20:12:58.096 level=INF caller=echo ip=::1 GET=/favicon.ico span=914µs
time=2024-06-15T20:13:09.378 level=INF caller=xorm msg="[SQL] SELECT `id`, `title`, `path`, `created`, `summary` FROM `post` WHERE (kind = ?) ORDER BY `id` DESC LIMIT 6 [1]"
time=2024-06-15T20:13:09.378 level=INF caller=xorm msg="[SQL] SELECT count(*) FROM `post` WHERE (kind = ?) [1]"
time=2024-06-15T20:13:09.382 level=INF caller=echo ip=::1 GET=/ span=4.7435ms
time=2024-06-15T20:13:09.884 level=INF caller=xorm msg="[SQL] SELECT `id`, `title`, `path`, `created`, `summary` FROM `post` WHERE (kind = ?) ORDER BY `id` DESC LIMIT 6 [1] - 11.6898ms"
time=2024-06-15T20:13:09.884 level=INF caller=xorm msg="[SQL] SELECT count(*) FROM `post` WHERE (kind = ?) [1]"
time=2024-06-15T20:13:09.886 level=INF caller=echo ip=::1 GET=/ span=14.3733ms
time=2024-06-15T20:13:10.220 level=INF caller=xorm msg="[SQL] SELECT `id`, `title`, `path`, `created`, `summary` FROM `post` WHERE (kind = ?) ORDER BY `id` DESC LIMIT 6 [1] - 943.8µs"
time=2024-06-15T20:13:10.220 level=INF caller=xorm msg="[SQL] SELECT count(*) FROM `post` WHERE (kind = ?) [1]"
time=2024-06-15T20:13:10.223 level=INF caller=echo ip=::1 GET=/ span=3.7231ms
time=2024-06-15T20:13:31.470 level=INF caller=xorm msg="[SQL] SELECT `id`, `title`, `path`, `created`, `summary` FROM `post` WHERE (kind = ?) ORDER BY `id` DESC LIMIT 6 [1]"
time=2024-06-15T20:13:31.471 level=INF caller=xorm msg="[SQL] SELECT count(*) FROM `post` WHERE (kind = ?) [1]"
time=2024-06-15T20:13:31.475 level=INF caller=echo ip=::1 GET=/ span=19.0358ms
time=2024-06-15T20:13:31.521 level=INF caller=echo ip=::1 GET=/static/bg.jpg span=642.2µs
time=2024-06-15T20:14:02.031 level=INF caller=xorm msg="[SQL] SELECT `id`, `title`, `path`, `created`, `summary` FROM `post` WHERE (kind = ?) ORDER BY `id` DESC LIMIT 6 [1] - 549.1µs"
time=2024-06-15T20:14:02.031 level=INF caller=xorm msg="[SQL] SELECT count(*) FROM `post` WHERE (kind = ?) [1]"
time=2024-06-15T20:14:02.039 level=INF caller=echo ip=::1 GET=/ span=8.9616ms
time=2024-06-15T20:14:27.247 level=INF caller=D:/root/code/goblog/main.go:51 msg="app quitted"
